--(end of buffer or a NUL)
--accepting rule at line 128 ("// assignacions
")
--accepting rule at line 78 ("x")
--accepting rule at line 136 (" ")
--accepting rule at line 110 (":=")
--accepting rule at line 136 (" ")
--accepting rule at line 24 ("1.5")
--accepting rule at line 134 ("
")
--accepting rule at line 78 ("i")
--accepting rule at line 136 (" ")
--accepting rule at line 110 (":=")
--accepting rule at line 136 (" ")
--accepting rule at line 23 ("5")
--accepting rule at line 134 ("
")
--accepting rule at line 78 ("z")
--accepting rule at line 136 (" ")
--accepting rule at line 110 (":=")
--accepting rule at line 136 (" ")
--accepting rule at line 78 ("i")
--accepting rule at line 136 (" ")
--accepting rule at line 114 ("*")
--accepting rule at line 136 (" ")
--accepting rule at line 118 ("(")
--accepting rule at line 78 ("x")
--accepting rule at line 136 (" ")
--accepting rule at line 112 ("+")
--accepting rule at line 136 (" ")
--accepting rule at line 78 ("i")
--accepting rule at line 119 (")")
--accepting rule at line 136 (" ")
--accepting rule at line 113 ("-")
--accepting rule at line 136 (" ")
--accepting rule at line 78 ("i")
--accepting rule at line 136 (" ")
--accepting rule at line 115 ("/")
--accepting rule at line 136 (" ")
--accepting rule at line 24 ("4.0")
--accepting rule at line 134 ("
")
--accepting rule at line 78 ("s")
--accepting rule at line 136 (" ")
--accepting rule at line 110 (":=")
--accepting rule at line 136 (" ")
--accepting rule at line 99 (""Hola"")
--accepting rule at line 134 ("
")
--accepting rule at line 78 ("b")
--accepting rule at line 136 (" ")
--accepting rule at line 110 (":=")
--accepting rule at line 136 (" ")
--accepting rule at line 78 ("z")
--accepting rule at line 136 (" ")
--accepting rule at line 121 (">")
--accepting rule at line 136 (" ")
--accepting rule at line 23 ("3")
--accepting rule at line 136 (" ")
--accepting rule at line 39 ("or")
--accepting rule at line 136 (" ")
--accepting rule at line 42 ("not")
--accepting rule at line 136 (" ")
--accepting rule at line 118 ("(")
--accepting rule at line 78 ("i")
--accepting rule at line 136 (" ")
--accepting rule at line 121 (">")
--accepting rule at line 136 (" ")
--accepting rule at line 23 ("0")
--accepting rule at line 136 (" ")
--accepting rule at line 36 ("and")
--accepting rule at line 136 (" ")
--accepting rule at line 78 ("i")
--accepting rule at line 136 (" ")
--accepting rule at line 124 ("<=")
--accepting rule at line 136 (" ")
--accepting rule at line 23 ("10")
--accepting rule at line 119 (")")
--accepting rule at line 136 (" ")
--accepting rule at line 39 ("or")
--accepting rule at line 136 (" ")
--accepting rule at line 30 ("false")
Debug: FALSE encountered, val_bool set to false
--accepting rule at line 134 ("
")
--accepting rule at line 128 ("// expressions bàsiques
")
--accepting rule at line 78 ("x")
--accepting rule at line 134 ("
")
--accepting rule at line 78 ("i")
--accepting rule at line 134 ("
")
--accepting rule at line 78 ("z")
--accepting rule at line 134 ("
")
--accepting rule at line 78 ("s")
--accepting rule at line 134 ("
")
--accepting rule at line 78 ("b")
--accepting rule at line 134 ("
")
Segmentation fault (core dumped)
