--(end of buffer or a NUL)
--accepting rule at line 147 ("// assignacions
")
--accepting rule at line 96 ("x")
--accepting rule at line 155 (" ")
--accepting rule at line 128 (":=")
--accepting rule at line 155 (" ")
--accepting rule at line 39 ("1.5")
--accepting rule at line 155 ("")
--accepting rule at line 153 ("
")
--accepting rule at line 96 ("i")
--accepting rule at line 155 (" ")
--accepting rule at line 128 (":=")
--accepting rule at line 155 (" ")
--accepting rule at line 25 ("5")
--accepting rule at line 155 ("")
--accepting rule at line 153 ("
")
--accepting rule at line 96 ("z")
--accepting rule at line 155 (" ")
--accepting rule at line 128 (":=")
--accepting rule at line 155 (" ")
--accepting rule at line 96 ("i")
--accepting rule at line 155 (" ")
--accepting rule at line 133 ("*")
--accepting rule at line 155 (" ")
--accepting rule at line 137 ("(")
--accepting rule at line 96 ("x")
--accepting rule at line 155 (" ")
--accepting rule at line 131 ("+")
--accepting rule at line 155 (" ")
--accepting rule at line 96 ("i")
--accepting rule at line 138 (")")
--accepting rule at line 155 (" ")
--accepting rule at line 132 ("-")
--accepting rule at line 155 (" ")
--accepting rule at line 96 ("i")
--accepting rule at line 155 (" ")
--accepting rule at line 134 ("/")
--accepting rule at line 155 (" ")
--accepting rule at line 39 ("4.0")
--accepting rule at line 155 ("")
--accepting rule at line 153 ("
")
--accepting rule at line 96 ("s")
--accepting rule at line 155 (" ")
--accepting rule at line 128 (":=")
--accepting rule at line 155 (" ")
--accepting rule at line 117 (""Hola"")
--accepting rule at line 155 ("")
--accepting rule at line 153 ("
")
--accepting rule at line 96 ("b")
--accepting rule at line 155 (" ")
--accepting rule at line 128 (":=")
--accepting rule at line 155 (" ")
--accepting rule at line 96 ("z")
--accepting rule at line 155 (" ")
--accepting rule at line 140 (">")
--accepting rule at line 155 (" ")
--accepting rule at line 25 ("3")
--accepting rule at line 155 (" ")
--accepting rule at line 54 ("or")
--accepting rule at line 155 (" ")
--accepting rule at line 57 ("not")
--accepting rule at line 155 (" ")
--accepting rule at line 137 ("(")
--accepting rule at line 96 ("i")
--accepting rule at line 155 (" ")
--accepting rule at line 140 (">")
--accepting rule at line 155 (" ")
--accepting rule at line 25 ("0")
--accepting rule at line 155 (" ")
--accepting rule at line 51 ("and")
--accepting rule at line 155 (" ")
--accepting rule at line 96 ("i")
--accepting rule at line 155 (" ")
--accepting rule at line 143 ("<=")
--accepting rule at line 155 (" ")
--accepting rule at line 25 ("10")
--accepting rule at line 138 (")")
--accepting rule at line 155 (" ")
--accepting rule at line 54 ("or")
--accepting rule at line 155 (" ")
--accepting rule at line 45 ("false")
Debug: FALSE encountered, val_bool set to false
--accepting rule at line 155 ("")
--accepting rule at line 153 ("
")
--accepting rule at line 147 ("// expressions bàsiques
")
--accepting rule at line 96 ("x")
--accepting rule at line 155 ("")
--accepting rule at line 153 ("
")
--accepting rule at line 96 ("i")
--accepting rule at line 155 ("")
--accepting rule at line 153 ("
")
--accepting rule at line 96 ("z")
--accepting rule at line 155 ("")
--accepting rule at line 153 ("
")
--accepting rule at line 96 ("s")
--accepting rule at line 155 ("")
--accepting rule at line 153 ("
")
--accepting rule at line 96 ("b")
--accepting rule at line 155 ("")
--accepting rule at line 153 ("
")
--(end of buffer or a NUL)
--accepting rule at line 149 ("/*
* expressions
*/
")
--accepting rule at line 96 ("i")
--accepting rule at line 155 (" ")
--accepting rule at line 131 ("+")
--accepting rule at line 155 (" ")
--accepting rule at line 96 ("i")
--accepting rule at line 155 (" ")
--accepting rule at line 133 ("*")
--accepting rule at line 155 (" ")
--accepting rule at line 25 ("2")
--accepting rule at line 155 ("")
--accepting rule at line 153 ("
")
--accepting rule at line 132 ("-")
--accepting rule at line 96 ("i")
--accepting rule at line 155 (" ")
--accepting rule at line 131 ("+")
--accepting rule at line 155 (" ")
--accepting rule at line 96 ("x")
--accepting rule at line 155 ("")
--accepting rule at line 153 ("
")
--accepting rule at line 96 ("s")
--accepting rule at line 155 (" ")
--accepting rule at line 131 ("+")
--accepting rule at line 155 (" ")
--accepting rule at line 137 ("(")
--accepting rule at line 96 ("s")
--accepting rule at line 155 (" ")
--accepting rule at line 131 ("+")
--accepting rule at line 155 (" ")
--accepting rule at line 96 ("i")
--accepting rule at line 138 (")")
--accepting rule at line 155 (" ")
--accepting rule at line 131 ("+")
--accepting rule at line 155 (" ")
--accepting rule at line 117 (""--"")
--accepting rule at line 155 (" ")
--accepting rule at line 131 ("+")
--accepting rule at line 155 (" ")
--accepting rule at line 96 ("x")
--accepting rule at line 155 ("")
--accepting rule at line 153 ("
")
--accepting rule at line 96 ("b")
--accepting rule at line 155 (" ")
--accepting rule at line 54 ("or")
--accepting rule at line 155 (" ")
--accepting rule at line 57 ("not")
--accepting rule at line 155 (" ")
--accepting rule at line 96 ("b")
--accepting rule at line 155 ("")
--accepting rule at line 153 ("
")
--(end of buffer or a NUL)
--EOF (start condition 0)
