Terminals unused in grammar

    SEMICOLON
    STRING


Grammar

    0 $accept: programa $end

    1 programa: expressio_list

    2 expressio_list: expressio ENDLINE
    3               | expressio_list expressio ENDLINE

    4 expressio: ID ASSIGN INTEGER
    5          | ID ASSIGN FLOAT
    6          | ID ASSIGN OPERATION

    7 OPERATION: OPERATION PLUS INTEGER
    8          | OPERATION PLUS FLOAT
    9          | OPERATION MINUS INTEGER
   10          | OPERATION MINUS FLOAT
   11          | OPERATION MULTIPLY INTEGER
   12          | OPERATION MULTIPLY FLOAT
   13          | OPERATION DIVIDE INTEGER
   14          | OPERATION DIVIDE FLOAT
   15          | INTEGER PLUS INTEGER
   16          | INTEGER PLUS FLOAT
   17          | INTEGER MINUS INTEGER
   18          | INTEGER MINUS FLOAT
   19          | INTEGER MULTIPLY INTEGER
   20          | INTEGER MULTIPLY FLOAT
   21          | INTEGER DIVIDE INTEGER
   22          | INTEGER DIVIDE FLOAT
   23          | FLOAT PLUS INTEGER
   24          | FLOAT PLUS FLOAT
   25          | FLOAT MINUS INTEGER
   26          | FLOAT MINUS FLOAT
   27          | FLOAT MULTIPLY INTEGER
   28          | FLOAT MULTIPLY FLOAT
   29          | FLOAT DIVIDE INTEGER
   30          | FLOAT DIVIDE FLOAT


Terminals, with rules where they appear

    $end (0) 0
    error (256)
    ASSIGN <sense_valor> (258) 4 5 6
    ENDLINE <sense_valor> (259) 2 3
    SEMICOLON <sense_valor> (260)
    INTEGER <enter> (261) 4 7 9 11 13 15 16 17 18 19 20 21 22 23 25 27 29
    FLOAT <real> (262) 5 8 10 12 14 16 18 20 22 23 24 25 26 27 28 29 30
    ID <ident> (263) 4 5 6
    STRING <cadena> (264)
    PLUS <sense_valor> (265) 7 8 15 16 23 24
    MINUS <sense_valor> (266) 9 10 17 18 25 26
    MULTIPLY <sense_valor> (267) 11 12 19 20 27 28
    DIVIDE <sense_valor> (268) 13 14 21 22 29 30


Nonterminals, with rules where they appear

    $accept (14)
        on left: 0
    programa <sense_valor> (15)
        on left: 1
        on right: 0
    expressio_list (16)
        on left: 2 3
        on right: 1 3
    expressio <expr_val> (17)
        on left: 4 5 6
        on right: 2 3
    OPERATION <number> (18)
        on left: 7 8 9 10 11 12 13 14 15 16 17 18 19 20 21 22 23 24 25 26 27 28 29 30
        on right: 6 7 8 9 10 11 12 13 14


State 0

    0 $accept: • programa $end

    ID  shift, and go to state 1

    programa        go to state 2
    expressio_list  go to state 3
    expressio       go to state 4


State 1

    4 expressio: ID • ASSIGN INTEGER
    5          | ID • ASSIGN FLOAT
    6          | ID • ASSIGN OPERATION

    ASSIGN  shift, and go to state 5


State 2

    0 $accept: programa • $end

    $end  shift, and go to state 6


State 3

    1 programa: expressio_list •
    3 expressio_list: expressio_list • expressio ENDLINE

    ID  shift, and go to state 1

    $default  reduce using rule 1 (programa)

    expressio  go to state 7


State 4

    2 expressio_list: expressio • ENDLINE

    ENDLINE  shift, and go to state 8


State 5

    4 expressio: ID ASSIGN • INTEGER
    5          | ID ASSIGN • FLOAT
    6          | ID ASSIGN • OPERATION

    INTEGER  shift, and go to state 9
    FLOAT    shift, and go to state 10

    OPERATION  go to state 11


State 6

    0 $accept: programa $end •

    $default  accept


State 7

    3 expressio_list: expressio_list expressio • ENDLINE

    ENDLINE  shift, and go to state 12


State 8

    2 expressio_list: expressio ENDLINE •

    $default  reduce using rule 2 (expressio_list)


State 9

    4 expressio: ID ASSIGN INTEGER •
   15 OPERATION: INTEGER • PLUS INTEGER
   16          | INTEGER • PLUS FLOAT
   17          | INTEGER • MINUS INTEGER
   18          | INTEGER • MINUS FLOAT
   19          | INTEGER • MULTIPLY INTEGER
   20          | INTEGER • MULTIPLY FLOAT
   21          | INTEGER • DIVIDE INTEGER
   22          | INTEGER • DIVIDE FLOAT

    PLUS      shift, and go to state 13
    MINUS     shift, and go to state 14
    MULTIPLY  shift, and go to state 15
    DIVIDE    shift, and go to state 16

    $default  reduce using rule 4 (expressio)


State 10

    5 expressio: ID ASSIGN FLOAT •
   23 OPERATION: FLOAT • PLUS INTEGER
   24          | FLOAT • PLUS FLOAT
   25          | FLOAT • MINUS INTEGER
   26          | FLOAT • MINUS FLOAT
   27          | FLOAT • MULTIPLY INTEGER
   28          | FLOAT • MULTIPLY FLOAT
   29          | FLOAT • DIVIDE INTEGER
   30          | FLOAT • DIVIDE FLOAT

    PLUS      shift, and go to state 17
    MINUS     shift, and go to state 18
    MULTIPLY  shift, and go to state 19
    DIVIDE    shift, and go to state 20

    $default  reduce using rule 5 (expressio)


State 11

    6 expressio: ID ASSIGN OPERATION •
    7 OPERATION: OPERATION • PLUS INTEGER
    8          | OPERATION • PLUS FLOAT
    9          | OPERATION • MINUS INTEGER
   10          | OPERATION • MINUS FLOAT
   11          | OPERATION • MULTIPLY INTEGER
   12          | OPERATION • MULTIPLY FLOAT
   13          | OPERATION • DIVIDE INTEGER
   14          | OPERATION • DIVIDE FLOAT

    PLUS      shift, and go to state 21
    MINUS     shift, and go to state 22
    MULTIPLY  shift, and go to state 23
    DIVIDE    shift, and go to state 24

    $default  reduce using rule 6 (expressio)


State 12

    3 expressio_list: expressio_list expressio ENDLINE •

    $default  reduce using rule 3 (expressio_list)


State 13

   15 OPERATION: INTEGER PLUS • INTEGER
   16          | INTEGER PLUS • FLOAT

    INTEGER  shift, and go to state 25
    FLOAT    shift, and go to state 26


State 14

   17 OPERATION: INTEGER MINUS • INTEGER
   18          | INTEGER MINUS • FLOAT

    INTEGER  shift, and go to state 27
    FLOAT    shift, and go to state 28


State 15

   19 OPERATION: INTEGER MULTIPLY • INTEGER
   20          | INTEGER MULTIPLY • FLOAT

    INTEGER  shift, and go to state 29
    FLOAT    shift, and go to state 30


State 16

   21 OPERATION: INTEGER DIVIDE • INTEGER
   22          | INTEGER DIVIDE • FLOAT

    INTEGER  shift, and go to state 31
    FLOAT    shift, and go to state 32


State 17

   23 OPERATION: FLOAT PLUS • INTEGER
   24          | FLOAT PLUS • FLOAT

    INTEGER  shift, and go to state 33
    FLOAT    shift, and go to state 34


State 18

   25 OPERATION: FLOAT MINUS • INTEGER
   26          | FLOAT MINUS • FLOAT

    INTEGER  shift, and go to state 35
    FLOAT    shift, and go to state 36


State 19

   27 OPERATION: FLOAT MULTIPLY • INTEGER
   28          | FLOAT MULTIPLY • FLOAT

    INTEGER  shift, and go to state 37
    FLOAT    shift, and go to state 38


State 20

   29 OPERATION: FLOAT DIVIDE • INTEGER
   30          | FLOAT DIVIDE • FLOAT

    INTEGER  shift, and go to state 39
    FLOAT    shift, and go to state 40


State 21

    7 OPERATION: OPERATION PLUS • INTEGER
    8          | OPERATION PLUS • FLOAT

    INTEGER  shift, and go to state 41
    FLOAT    shift, and go to state 42


State 22

    9 OPERATION: OPERATION MINUS • INTEGER
   10          | OPERATION MINUS • FLOAT

    INTEGER  shift, and go to state 43
    FLOAT    shift, and go to state 44


State 23

   11 OPERATION: OPERATION MULTIPLY • INTEGER
   12          | OPERATION MULTIPLY • FLOAT

    INTEGER  shift, and go to state 45
    FLOAT    shift, and go to state 46


State 24

   13 OPERATION: OPERATION DIVIDE • INTEGER
   14          | OPERATION DIVIDE • FLOAT

    INTEGER  shift, and go to state 47
    FLOAT    shift, and go to state 48


State 25

   15 OPERATION: INTEGER PLUS INTEGER •

    $default  reduce using rule 15 (OPERATION)


State 26

   16 OPERATION: INTEGER PLUS FLOAT •

    $default  reduce using rule 16 (OPERATION)


State 27

   17 OPERATION: INTEGER MINUS INTEGER •

    $default  reduce using rule 17 (OPERATION)


State 28

   18 OPERATION: INTEGER MINUS FLOAT •

    $default  reduce using rule 18 (OPERATION)


State 29

   19 OPERATION: INTEGER MULTIPLY INTEGER •

    $default  reduce using rule 19 (OPERATION)


State 30

   20 OPERATION: INTEGER MULTIPLY FLOAT •

    $default  reduce using rule 20 (OPERATION)


State 31

   21 OPERATION: INTEGER DIVIDE INTEGER •

    $default  reduce using rule 21 (OPERATION)


State 32

   22 OPERATION: INTEGER DIVIDE FLOAT •

    $default  reduce using rule 22 (OPERATION)


State 33

   23 OPERATION: FLOAT PLUS INTEGER •

    $default  reduce using rule 23 (OPERATION)


State 34

   24 OPERATION: FLOAT PLUS FLOAT •

    $default  reduce using rule 24 (OPERATION)


State 35

   25 OPERATION: FLOAT MINUS INTEGER •

    $default  reduce using rule 25 (OPERATION)


State 36

   26 OPERATION: FLOAT MINUS FLOAT •

    $default  reduce using rule 26 (OPERATION)


State 37

   27 OPERATION: FLOAT MULTIPLY INTEGER •

    $default  reduce using rule 27 (OPERATION)


State 38

   28 OPERATION: FLOAT MULTIPLY FLOAT •

    $default  reduce using rule 28 (OPERATION)


State 39

   29 OPERATION: FLOAT DIVIDE INTEGER •

    $default  reduce using rule 29 (OPERATION)


State 40

   30 OPERATION: FLOAT DIVIDE FLOAT •

    $default  reduce using rule 30 (OPERATION)


State 41

    7 OPERATION: OPERATION PLUS INTEGER •

    $default  reduce using rule 7 (OPERATION)


State 42

    8 OPERATION: OPERATION PLUS FLOAT •

    $default  reduce using rule 8 (OPERATION)


State 43

    9 OPERATION: OPERATION MINUS INTEGER •

    $default  reduce using rule 9 (OPERATION)


State 44

   10 OPERATION: OPERATION MINUS FLOAT •

    $default  reduce using rule 10 (OPERATION)


State 45

   11 OPERATION: OPERATION MULTIPLY INTEGER •

    $default  reduce using rule 11 (OPERATION)


State 46

   12 OPERATION: OPERATION MULTIPLY FLOAT •

    $default  reduce using rule 12 (OPERATION)


State 47

   13 OPERATION: OPERATION DIVIDE INTEGER •

    $default  reduce using rule 13 (OPERATION)


State 48

   14 OPERATION: OPERATION DIVIDE FLOAT •

    $default  reduce using rule 14 (OPERATION)
