--(end of buffer or a NUL)
--accepting rule at line 114 ("total")
--accepting rule at line 165 (" ")
--accepting rule at line 138 (":=")
--accepting rule at line 165 (" ")
--accepting rule at line 26 ("4")
--accepting rule at line 165 ("")
--accepting rule at line 163 ("
")
--accepting rule at line 43 ("while")
--accepting rule at line 165 (" ")
--accepting rule at line 114 ("total")
--accepting rule at line 165 (" ")
--accepting rule at line 154 ("=")
--accepting rule at line 165 (" ")
--accepting rule at line 26 ("3")
--accepting rule at line 165 (" ")
--accepting rule at line 72 ("or")
--accepting rule at line 165 (" ")
--accepting rule at line 114 ("total")
--accepting rule at line 165 (" ")
--accepting rule at line 154 ("=")
--accepting rule at line 165 (" ")
--accepting rule at line 26 ("4")
--accepting rule at line 165 (" ")
--accepting rule at line 69 ("and")
--accepting rule at line 165 (" ")
--accepting rule at line 114 ("total")
--accepting rule at line 165 (" ")
--accepting rule at line 154 ("=")
--accepting rule at line 165 (" ")
--accepting rule at line 26 ("5")
--accepting rule at line 165 (" ")
--accepting rule at line 72 ("or")
--accepting rule at line 165 (" ")
--accepting rule at line 114 ("total")
--accepting rule at line 165 (" ")
--accepting rule at line 155 ("<>")
--accepting rule at line 165 (" ")
--accepting rule at line 26 ("-1")
--accepting rule at line 165 (" ")
--accepting rule at line 69 ("and")
--accepting rule at line 165 (" ")
--accepting rule at line 114 ("total")
--accepting rule at line 165 (" ")
--accepting rule at line 155 ("<>")
--accepting rule at line 165 (" ")
--accepting rule at line 26 ("2")
--accepting rule at line 165 (" ")
--accepting rule at line 37 ("do")
--accepting rule at line 165 ("")
--accepting rule at line 163 ("
")
--accepting rule at line 165 (" ")
--accepting rule at line 165 (" ")
--accepting rule at line 165 (" ")
--accepting rule at line 165 (" ")
--accepting rule at line 165 (" ")
--accepting rule at line 114 ("i")
--accepting rule at line 165 (" ")
--accepting rule at line 138 (":=")
--accepting rule at line 165 (" ")
--accepting rule at line 26 ("111")
--accepting rule at line 165 ("")
--accepting rule at line 163 ("
")
--accepting rule at line 165 (" ")
--accepting rule at line 165 (" ")
--accepting rule at line 165 (" ")
--accepting rule at line 165 (" ")
--accepting rule at line 165 (" ")
--accepting rule at line 114 ("jota")
--accepting rule at line 165 (" ")
--accepting rule at line 138 (":=")
--accepting rule at line 165 (" ")
--accepting rule at line 26 ("47")
--accepting rule at line 165 (" ")
--accepting rule at line 141 ("+")
--accepting rule at line 165 (" ")
--accepting rule at line 26 ("9")
--accepting rule at line 165 (" ")
--accepting rule at line 143 ("*")
--accepting rule at line 165 (" ")
--accepting rule at line 53 ("8.1")
--accepting rule at line 165 ("")
--accepting rule at line 163 ("
")


Value of FLOAT 9.000000

--accepting rule at line 38 ("done")
--accepting rule at line 165 ("")
--accepting rule at line 163 ("
")
--(end of buffer or a NUL)
--EOF (start condition 0)
The compilation has been successful
