Terminals unused in grammar

    COMMA
    SEMICOLON


Grammar

    0 $accept: programa $end

    1 programa: expressio_list

    2 expressio_list: expressio ENDLINE
    3               | expressio ENDLINE expressio_list

    4 expressio: ID ASSIGN OPERATION
    5          | ID ASSIGN OPERATION MODE
    6          | ID ASSIGN OPERATION_BOOLEAN
    7          | ID_BOOL ASSIGN OPERATION_BOOLEAN
    8          | OPERATION MODE
    9          | OPERATION
   10          | OPERATION_BOOLEAN

   11 OPERATION: OPERATION PLUS OPERATION2
   12          | OPERATION MINUS OPERATION2
   13          | OPERATION2

   14 OPERATION2: OPERATION2 MULTIPLY OPERATION3
   15           | OPERATION2 DIVIDE OPERATION3
   16           | OPERATION2 MOD OPERATION3
   17           | OPERATION3

   18 OPERATION3: OPERATION4 POWER OPERATION3
   19           | OPERATION4

   20 OPERATION4: SIN OPERATION4
   21           | COS OPERATION4
   22           | TAN OPERATION4
   23           | LEN OPERATION4
   24           | INTEGER
   25           | MINUS INTEGER
   26           | FLOAT
   27           | MINUS FLOAT
   28           | STRING
   29           | ID
   30           | MINUS ID
   31           | OPEN_PARENTHESIS OPERATION CLOSED_PARENTHESIS

   32 OPERATION_BOOLEAN: OPERATION_BOOLEAN OR OPERATION_BOOLEAN1
   33                  | OPERATION_BOOLEAN1

   34 OPERATION_BOOLEAN1: OPERATION_BOOLEAN2
   35                   | OPERATION_BOOLEAN1 AND OPERATION_BOOLEAN2

   36 OPERATION_BOOLEAN2: OPERATION_BOOLEAN3
   37                   | NOT OPERATION_BOOLEAN2

   38 OPERATION_BOOLEAN3: OPEN_PARENTHESIS OPERATION_BOOLEAN CLOSED_PARENTHESIS
   39                   | TRUE
   40                   | ID_BOOL
   41                   | FALSE
   42                   | OPERATION EQUAL OPERATION
   43                   | OPERATION NOT_EQUAL OPERATION
   44                   | OPERATION GREATER_EQUAL OPERATION
   45                   | OPERATION GREATER_THAN OPERATION
   46                   | OPERATION LESS_THAN OPERATION
   47                   | OPERATION LESS_EQUAL OPERATION


Terminals, with rules where they appear

    $end (0) 0
    error (256)
    INTEGER <enter> (258) 24 25
    FALSE <boolean> (259) 41
    TRUE <boolean> (260) 39
    MODE <mode> (261) 5 8
    FLOAT <real> (262) 26 27
    ID <ident> (263) 4 5 6 29 30
    ID_BOOL <ident> (264) 7 40
    STRING <cadena> (265) 28
    COMMA <sense_valor> (266)
    LEN <sense_valor> (267) 23
    SIN <sense_valor> (268) 20
    COS <sense_valor> (269) 21
    TAN <sense_valor> (270) 22
    AND <sense_valor> (271) 35
    OR <sense_valor> (272) 32
    NOT <sense_valor> (273) 37
    PLUS <sense_valor> (274) 11
    MINUS <sense_valor> (275) 12 25 27 30
    MULTIPLY <sense_valor> (276) 14
    DIVIDE <sense_valor> (277) 15
    MOD <sense_valor> (278) 16
    POWER <sense_valor> (279) 18
    CLOSED_PARENTHESIS <sense_valor> (280) 31 38
    OPEN_PARENTHESIS <sense_valor> (281) 31 38
    ASSIGN <sense_valor> (282) 4 5 6 7
    ENDLINE <sense_valor> (283) 2 3
    SEMICOLON <sense_valor> (284)
    GREATER_THAN <sense_valor> (285) 45
    GREATER_EQUAL <sense_valor> (286) 44
    LESS_THAN <sense_valor> (287) 46
    LESS_EQUAL <sense_valor> (288) 47
    EQUAL <sense_valor> (289) 42
    NOT_EQUAL <sense_valor> (290) 43


Nonterminals, with rules where they appear

    $accept (36)
        on left: 0
    programa <sense_valor> (37)
        on left: 1
        on right: 0
    expressio_list (38)
        on left: 2 3
        on right: 1 3
    expressio <expr_val> (39)
        on left: 4 5 6 7 8 9 10
        on right: 2 3
    OPERATION <expr_val> (40)
        on left: 11 12 13
        on right: 4 5 8 9 11 12 31 42 43 44 45 46 47
    OPERATION2 <expr_val> (41)
        on left: 14 15 16 17
        on right: 11 12 13 14 15 16
    OPERATION3 <expr_val> (42)
        on left: 18 19
        on right: 14 15 16 17 18
    OPERATION4 <expr_val> (43)
        on left: 20 21 22 23 24 25 26 27 28 29 30 31
        on right: 18 19 20 21 22 23
    OPERATION_BOOLEAN <expr_val> (44)
        on left: 32 33
        on right: 6 7 10 32 38
    OPERATION_BOOLEAN1 <expr_val> (45)
        on left: 34 35
        on right: 32 33 35
    OPERATION_BOOLEAN2 <expr_val> (46)
        on left: 36 37
        on right: 34 35 37
    OPERATION_BOOLEAN3 <expr_val> (47)
        on left: 38 39 40 41 42 43 44 45 46 47
        on right: 36


State 0

    0 $accept: • programa $end

    INTEGER           shift, and go to state 1
    FALSE             shift, and go to state 2
    TRUE              shift, and go to state 3
    FLOAT             shift, and go to state 4
    ID                shift, and go to state 5
    ID_BOOL           shift, and go to state 6
    STRING            shift, and go to state 7
    LEN               shift, and go to state 8
    SIN               shift, and go to state 9
    COS               shift, and go to state 10
    TAN               shift, and go to state 11
    NOT               shift, and go to state 12
    MINUS             shift, and go to state 13
    OPEN_PARENTHESIS  shift, and go to state 14

    programa            go to state 15
    expressio_list      go to state 16
    expressio           go to state 17
    OPERATION           go to state 18
    OPERATION2          go to state 19
    OPERATION3          go to state 20
    OPERATION4          go to state 21
    OPERATION_BOOLEAN   go to state 22
    OPERATION_BOOLEAN1  go to state 23
    OPERATION_BOOLEAN2  go to state 24
    OPERATION_BOOLEAN3  go to state 25


State 1

   24 OPERATION4: INTEGER •

    $default  reduce using rule 24 (OPERATION4)


State 2

   41 OPERATION_BOOLEAN3: FALSE •

    $default  reduce using rule 41 (OPERATION_BOOLEAN3)


State 3

   39 OPERATION_BOOLEAN3: TRUE •

    $default  reduce using rule 39 (OPERATION_BOOLEAN3)


State 4

   26 OPERATION4: FLOAT •

    $default  reduce using rule 26 (OPERATION4)


State 5

    4 expressio: ID • ASSIGN OPERATION
    5          | ID • ASSIGN OPERATION MODE
    6          | ID • ASSIGN OPERATION_BOOLEAN
   29 OPERATION4: ID •

    ASSIGN  shift, and go to state 26

    $default  reduce using rule 29 (OPERATION4)


State 6

    7 expressio: ID_BOOL • ASSIGN OPERATION_BOOLEAN
   40 OPERATION_BOOLEAN3: ID_BOOL •

    ASSIGN  shift, and go to state 27

    $default  reduce using rule 40 (OPERATION_BOOLEAN3)


State 7

   28 OPERATION4: STRING •

    $default  reduce using rule 28 (OPERATION4)


State 8

   23 OPERATION4: LEN • OPERATION4

    INTEGER           shift, and go to state 1
    FLOAT             shift, and go to state 4
    ID                shift, and go to state 28
    STRING            shift, and go to state 7
    LEN               shift, and go to state 8
    SIN               shift, and go to state 9
    COS               shift, and go to state 10
    TAN               shift, and go to state 11
    MINUS             shift, and go to state 13
    OPEN_PARENTHESIS  shift, and go to state 29

    OPERATION4  go to state 30


State 9

   20 OPERATION4: SIN • OPERATION4

    INTEGER           shift, and go to state 1
    FLOAT             shift, and go to state 4
    ID                shift, and go to state 28
    STRING            shift, and go to state 7
    LEN               shift, and go to state 8
    SIN               shift, and go to state 9
    COS               shift, and go to state 10
    TAN               shift, and go to state 11
    MINUS             shift, and go to state 13
    OPEN_PARENTHESIS  shift, and go to state 29

    OPERATION4  go to state 31


State 10

   21 OPERATION4: COS • OPERATION4

    INTEGER           shift, and go to state 1
    FLOAT             shift, and go to state 4
    ID                shift, and go to state 28
    STRING            shift, and go to state 7
    LEN               shift, and go to state 8
    SIN               shift, and go to state 9
    COS               shift, and go to state 10
    TAN               shift, and go to state 11
    MINUS             shift, and go to state 13
    OPEN_PARENTHESIS  shift, and go to state 29

    OPERATION4  go to state 32


State 11

   22 OPERATION4: TAN • OPERATION4

    INTEGER           shift, and go to state 1
    FLOAT             shift, and go to state 4
    ID                shift, and go to state 28
    STRING            shift, and go to state 7
    LEN               shift, and go to state 8
    SIN               shift, and go to state 9
    COS               shift, and go to state 10
    TAN               shift, and go to state 11
    MINUS             shift, and go to state 13
    OPEN_PARENTHESIS  shift, and go to state 29

    OPERATION4  go to state 33


State 12

   37 OPERATION_BOOLEAN2: NOT • OPERATION_BOOLEAN2

    INTEGER           shift, and go to state 1
    FALSE             shift, and go to state 2
    TRUE              shift, and go to state 3
    FLOAT             shift, and go to state 4
    ID                shift, and go to state 28
    ID_BOOL           shift, and go to state 34
    STRING            shift, and go to state 7
    LEN               shift, and go to state 8
    SIN               shift, and go to state 9
    COS               shift, and go to state 10
    TAN               shift, and go to state 11
    NOT               shift, and go to state 12
    MINUS             shift, and go to state 13
    OPEN_PARENTHESIS  shift, and go to state 14

    OPERATION           go to state 35
    OPERATION2          go to state 19
    OPERATION3          go to state 20
    OPERATION4          go to state 21
    OPERATION_BOOLEAN2  go to state 36
    OPERATION_BOOLEAN3  go to state 25


State 13

   25 OPERATION4: MINUS • INTEGER
   27           | MINUS • FLOAT
   30           | MINUS • ID

    INTEGER  shift, and go to state 37
    FLOAT    shift, and go to state 38
    ID       shift, and go to state 39


State 14

   31 OPERATION4: OPEN_PARENTHESIS • OPERATION CLOSED_PARENTHESIS
   38 OPERATION_BOOLEAN3: OPEN_PARENTHESIS • OPERATION_BOOLEAN CLOSED_PARENTHESIS

    INTEGER           shift, and go to state 1
    FALSE             shift, and go to state 2
    TRUE              shift, and go to state 3
    FLOAT             shift, and go to state 4
    ID                shift, and go to state 28
    ID_BOOL           shift, and go to state 34
    STRING            shift, and go to state 7
    LEN               shift, and go to state 8
    SIN               shift, and go to state 9
    COS               shift, and go to state 10
    TAN               shift, and go to state 11
    NOT               shift, and go to state 12
    MINUS             shift, and go to state 13
    OPEN_PARENTHESIS  shift, and go to state 14

    OPERATION           go to state 40
    OPERATION2          go to state 19
    OPERATION3          go to state 20
    OPERATION4          go to state 21
    OPERATION_BOOLEAN   go to state 41
    OPERATION_BOOLEAN1  go to state 23
    OPERATION_BOOLEAN2  go to state 24
    OPERATION_BOOLEAN3  go to state 25


State 15

    0 $accept: programa • $end

    $end  shift, and go to state 42


State 16

    1 programa: expressio_list •

    $default  reduce using rule 1 (programa)


State 17

    2 expressio_list: expressio • ENDLINE
    3               | expressio • ENDLINE expressio_list

    ENDLINE  shift, and go to state 43


State 18

    8 expressio: OPERATION • MODE
    9          | OPERATION •
   11 OPERATION: OPERATION • PLUS OPERATION2
   12          | OPERATION • MINUS OPERATION2
   42 OPERATION_BOOLEAN3: OPERATION • EQUAL OPERATION
   43                   | OPERATION • NOT_EQUAL OPERATION
   44                   | OPERATION • GREATER_EQUAL OPERATION
   45                   | OPERATION • GREATER_THAN OPERATION
   46                   | OPERATION • LESS_THAN OPERATION
   47                   | OPERATION • LESS_EQUAL OPERATION

    MODE           shift, and go to state 44
    PLUS           shift, and go to state 45
    MINUS          shift, and go to state 46
    GREATER_THAN   shift, and go to state 47
    GREATER_EQUAL  shift, and go to state 48
    LESS_THAN      shift, and go to state 49
    LESS_EQUAL     shift, and go to state 50
    EQUAL          shift, and go to state 51
    NOT_EQUAL      shift, and go to state 52

    $default  reduce using rule 9 (expressio)


State 19

   13 OPERATION: OPERATION2 •
   14 OPERATION2: OPERATION2 • MULTIPLY OPERATION3
   15           | OPERATION2 • DIVIDE OPERATION3
   16           | OPERATION2 • MOD OPERATION3

    MULTIPLY  shift, and go to state 53
    DIVIDE    shift, and go to state 54
    MOD       shift, and go to state 55

    $default  reduce using rule 13 (OPERATION)


State 20

   17 OPERATION2: OPERATION3 •

    $default  reduce using rule 17 (OPERATION2)


State 21

   18 OPERATION3: OPERATION4 • POWER OPERATION3
   19           | OPERATION4 •

    POWER  shift, and go to state 56

    $default  reduce using rule 19 (OPERATION3)


State 22

   10 expressio: OPERATION_BOOLEAN •
   32 OPERATION_BOOLEAN: OPERATION_BOOLEAN • OR OPERATION_BOOLEAN1

    OR  shift, and go to state 57

    $default  reduce using rule 10 (expressio)


State 23

   33 OPERATION_BOOLEAN: OPERATION_BOOLEAN1 •
   35 OPERATION_BOOLEAN1: OPERATION_BOOLEAN1 • AND OPERATION_BOOLEAN2

    AND  shift, and go to state 58

    $default  reduce using rule 33 (OPERATION_BOOLEAN)


State 24

   34 OPERATION_BOOLEAN1: OPERATION_BOOLEAN2 •

    $default  reduce using rule 34 (OPERATION_BOOLEAN1)


State 25

   36 OPERATION_BOOLEAN2: OPERATION_BOOLEAN3 •

    $default  reduce using rule 36 (OPERATION_BOOLEAN2)


State 26

    4 expressio: ID ASSIGN • OPERATION
    5          | ID ASSIGN • OPERATION MODE
    6          | ID ASSIGN • OPERATION_BOOLEAN

    INTEGER           shift, and go to state 1
    FALSE             shift, and go to state 2
    TRUE              shift, and go to state 3
    FLOAT             shift, and go to state 4
    ID                shift, and go to state 28
    ID_BOOL           shift, and go to state 34
    STRING            shift, and go to state 7
    LEN               shift, and go to state 8
    SIN               shift, and go to state 9
    COS               shift, and go to state 10
    TAN               shift, and go to state 11
    NOT               shift, and go to state 12
    MINUS             shift, and go to state 13
    OPEN_PARENTHESIS  shift, and go to state 14

    OPERATION           go to state 59
    OPERATION2          go to state 19
    OPERATION3          go to state 20
    OPERATION4          go to state 21
    OPERATION_BOOLEAN   go to state 60
    OPERATION_BOOLEAN1  go to state 23
    OPERATION_BOOLEAN2  go to state 24
    OPERATION_BOOLEAN3  go to state 25


State 27

    7 expressio: ID_BOOL ASSIGN • OPERATION_BOOLEAN

    INTEGER           shift, and go to state 1
    FALSE             shift, and go to state 2
    TRUE              shift, and go to state 3
    FLOAT             shift, and go to state 4
    ID                shift, and go to state 28
    ID_BOOL           shift, and go to state 34
    STRING            shift, and go to state 7
    LEN               shift, and go to state 8
    SIN               shift, and go to state 9
    COS               shift, and go to state 10
    TAN               shift, and go to state 11
    NOT               shift, and go to state 12
    MINUS             shift, and go to state 13
    OPEN_PARENTHESIS  shift, and go to state 14

    OPERATION           go to state 35
    OPERATION2          go to state 19
    OPERATION3          go to state 20
    OPERATION4          go to state 21
    OPERATION_BOOLEAN   go to state 61
    OPERATION_BOOLEAN1  go to state 23
    OPERATION_BOOLEAN2  go to state 24
    OPERATION_BOOLEAN3  go to state 25


State 28

   29 OPERATION4: ID •

    $default  reduce using rule 29 (OPERATION4)


State 29

   31 OPERATION4: OPEN_PARENTHESIS • OPERATION CLOSED_PARENTHESIS

    INTEGER           shift, and go to state 1
    FLOAT             shift, and go to state 4
    ID                shift, and go to state 28
    STRING            shift, and go to state 7
    LEN               shift, and go to state 8
    SIN               shift, and go to state 9
    COS               shift, and go to state 10
    TAN               shift, and go to state 11
    MINUS             shift, and go to state 13
    OPEN_PARENTHESIS  shift, and go to state 29

    OPERATION   go to state 62
    OPERATION2  go to state 19
    OPERATION3  go to state 20
    OPERATION4  go to state 21


State 30

   23 OPERATION4: LEN OPERATION4 •

    $default  reduce using rule 23 (OPERATION4)


State 31

   20 OPERATION4: SIN OPERATION4 •

    $default  reduce using rule 20 (OPERATION4)


State 32

   21 OPERATION4: COS OPERATION4 •

    $default  reduce using rule 21 (OPERATION4)


State 33

   22 OPERATION4: TAN OPERATION4 •

    $default  reduce using rule 22 (OPERATION4)


State 34

   40 OPERATION_BOOLEAN3: ID_BOOL •

    $default  reduce using rule 40 (OPERATION_BOOLEAN3)


State 35

   11 OPERATION: OPERATION • PLUS OPERATION2
   12          | OPERATION • MINUS OPERATION2
   42 OPERATION_BOOLEAN3: OPERATION • EQUAL OPERATION
   43                   | OPERATION • NOT_EQUAL OPERATION
   44                   | OPERATION • GREATER_EQUAL OPERATION
   45                   | OPERATION • GREATER_THAN OPERATION
   46                   | OPERATION • LESS_THAN OPERATION
   47                   | OPERATION • LESS_EQUAL OPERATION

    PLUS           shift, and go to state 45
    MINUS          shift, and go to state 46
    GREATER_THAN   shift, and go to state 47
    GREATER_EQUAL  shift, and go to state 48
    LESS_THAN      shift, and go to state 49
    LESS_EQUAL     shift, and go to state 50
    EQUAL          shift, and go to state 51
    NOT_EQUAL      shift, and go to state 52


State 36

   37 OPERATION_BOOLEAN2: NOT OPERATION_BOOLEAN2 •

    $default  reduce using rule 37 (OPERATION_BOOLEAN2)


State 37

   25 OPERATION4: MINUS INTEGER •

    $default  reduce using rule 25 (OPERATION4)


State 38

   27 OPERATION4: MINUS FLOAT •

    $default  reduce using rule 27 (OPERATION4)


State 39

   30 OPERATION4: MINUS ID •

    $default  reduce using rule 30 (OPERATION4)


State 40

   11 OPERATION: OPERATION • PLUS OPERATION2
   12          | OPERATION • MINUS OPERATION2
   31 OPERATION4: OPEN_PARENTHESIS OPERATION • CLOSED_PARENTHESIS
   42 OPERATION_BOOLEAN3: OPERATION • EQUAL OPERATION
   43                   | OPERATION • NOT_EQUAL OPERATION
   44                   | OPERATION • GREATER_EQUAL OPERATION
   45                   | OPERATION • GREATER_THAN OPERATION
   46                   | OPERATION • LESS_THAN OPERATION
   47                   | OPERATION • LESS_EQUAL OPERATION

    PLUS                shift, and go to state 45
    MINUS               shift, and go to state 46
    CLOSED_PARENTHESIS  shift, and go to state 63
    GREATER_THAN        shift, and go to state 47
    GREATER_EQUAL       shift, and go to state 48
    LESS_THAN           shift, and go to state 49
    LESS_EQUAL          shift, and go to state 50
    EQUAL               shift, and go to state 51
    NOT_EQUAL           shift, and go to state 52


State 41

   32 OPERATION_BOOLEAN: OPERATION_BOOLEAN • OR OPERATION_BOOLEAN1
   38 OPERATION_BOOLEAN3: OPEN_PARENTHESIS OPERATION_BOOLEAN • CLOSED_PARENTHESIS

    OR                  shift, and go to state 57
    CLOSED_PARENTHESIS  shift, and go to state 64


State 42

    0 $accept: programa $end •

    $default  accept


State 43

    2 expressio_list: expressio ENDLINE •
    3               | expressio ENDLINE • expressio_list

    INTEGER           shift, and go to state 1
    FALSE             shift, and go to state 2
    TRUE              shift, and go to state 3
    FLOAT             shift, and go to state 4
    ID                shift, and go to state 5
    ID_BOOL           shift, and go to state 6
    STRING            shift, and go to state 7
    LEN               shift, and go to state 8
    SIN               shift, and go to state 9
    COS               shift, and go to state 10
    TAN               shift, and go to state 11
    NOT               shift, and go to state 12
    MINUS             shift, and go to state 13
    OPEN_PARENTHESIS  shift, and go to state 14

    $default  reduce using rule 2 (expressio_list)

    expressio_list      go to state 65
    expressio           go to state 17
    OPERATION           go to state 18
    OPERATION2          go to state 19
    OPERATION3          go to state 20
    OPERATION4          go to state 21
    OPERATION_BOOLEAN   go to state 22
    OPERATION_BOOLEAN1  go to state 23
    OPERATION_BOOLEAN2  go to state 24
    OPERATION_BOOLEAN3  go to state 25


State 44

    8 expressio: OPERATION MODE •

    $default  reduce using rule 8 (expressio)


State 45

   11 OPERATION: OPERATION PLUS • OPERATION2

    INTEGER           shift, and go to state 1
    FLOAT             shift, and go to state 4
    ID                shift, and go to state 28
    STRING            shift, and go to state 7
    LEN               shift, and go to state 8
    SIN               shift, and go to state 9
    COS               shift, and go to state 10
    TAN               shift, and go to state 11
    MINUS             shift, and go to state 13
    OPEN_PARENTHESIS  shift, and go to state 29

    OPERATION2  go to state 66
    OPERATION3  go to state 20
    OPERATION4  go to state 21


State 46

   12 OPERATION: OPERATION MINUS • OPERATION2

    INTEGER           shift, and go to state 1
    FLOAT             shift, and go to state 4
    ID                shift, and go to state 28
    STRING            shift, and go to state 7
    LEN               shift, and go to state 8
    SIN               shift, and go to state 9
    COS               shift, and go to state 10
    TAN               shift, and go to state 11
    MINUS             shift, and go to state 13
    OPEN_PARENTHESIS  shift, and go to state 29

    OPERATION2  go to state 67
    OPERATION3  go to state 20
    OPERATION4  go to state 21


State 47

   45 OPERATION_BOOLEAN3: OPERATION GREATER_THAN • OPERATION

    INTEGER           shift, and go to state 1
    FLOAT             shift, and go to state 4
    ID                shift, and go to state 28
    STRING            shift, and go to state 7
    LEN               shift, and go to state 8
    SIN               shift, and go to state 9
    COS               shift, and go to state 10
    TAN               shift, and go to state 11
    MINUS             shift, and go to state 13
    OPEN_PARENTHESIS  shift, and go to state 29

    OPERATION   go to state 68
    OPERATION2  go to state 19
    OPERATION3  go to state 20
    OPERATION4  go to state 21


State 48

   44 OPERATION_BOOLEAN3: OPERATION GREATER_EQUAL • OPERATION

    INTEGER           shift, and go to state 1
    FLOAT             shift, and go to state 4
    ID                shift, and go to state 28
    STRING            shift, and go to state 7
    LEN               shift, and go to state 8
    SIN               shift, and go to state 9
    COS               shift, and go to state 10
    TAN               shift, and go to state 11
    MINUS             shift, and go to state 13
    OPEN_PARENTHESIS  shift, and go to state 29

    OPERATION   go to state 69
    OPERATION2  go to state 19
    OPERATION3  go to state 20
    OPERATION4  go to state 21


State 49

   46 OPERATION_BOOLEAN3: OPERATION LESS_THAN • OPERATION

    INTEGER           shift, and go to state 1
    FLOAT             shift, and go to state 4
    ID                shift, and go to state 28
    STRING            shift, and go to state 7
    LEN               shift, and go to state 8
    SIN               shift, and go to state 9
    COS               shift, and go to state 10
    TAN               shift, and go to state 11
    MINUS             shift, and go to state 13
    OPEN_PARENTHESIS  shift, and go to state 29

    OPERATION   go to state 70
    OPERATION2  go to state 19
    OPERATION3  go to state 20
    OPERATION4  go to state 21


State 50

   47 OPERATION_BOOLEAN3: OPERATION LESS_EQUAL • OPERATION

    INTEGER           shift, and go to state 1
    FLOAT             shift, and go to state 4
    ID                shift, and go to state 28
    STRING            shift, and go to state 7
    LEN               shift, and go to state 8
    SIN               shift, and go to state 9
    COS               shift, and go to state 10
    TAN               shift, and go to state 11
    MINUS             shift, and go to state 13
    OPEN_PARENTHESIS  shift, and go to state 29

    OPERATION   go to state 71
    OPERATION2  go to state 19
    OPERATION3  go to state 20
    OPERATION4  go to state 21


State 51

   42 OPERATION_BOOLEAN3: OPERATION EQUAL • OPERATION

    INTEGER           shift, and go to state 1
    FLOAT             shift, and go to state 4
    ID                shift, and go to state 28
    STRING            shift, and go to state 7
    LEN               shift, and go to state 8
    SIN               shift, and go to state 9
    COS               shift, and go to state 10
    TAN               shift, and go to state 11
    MINUS             shift, and go to state 13
    OPEN_PARENTHESIS  shift, and go to state 29

    OPERATION   go to state 72
    OPERATION2  go to state 19
    OPERATION3  go to state 20
    OPERATION4  go to state 21


State 52

   43 OPERATION_BOOLEAN3: OPERATION NOT_EQUAL • OPERATION

    INTEGER           shift, and go to state 1
    FLOAT             shift, and go to state 4
    ID                shift, and go to state 28
    STRING            shift, and go to state 7
    LEN               shift, and go to state 8
    SIN               shift, and go to state 9
    COS               shift, and go to state 10
    TAN               shift, and go to state 11
    MINUS             shift, and go to state 13
    OPEN_PARENTHESIS  shift, and go to state 29

    OPERATION   go to state 73
    OPERATION2  go to state 19
    OPERATION3  go to state 20
    OPERATION4  go to state 21


State 53

   14 OPERATION2: OPERATION2 MULTIPLY • OPERATION3

    INTEGER           shift, and go to state 1
    FLOAT             shift, and go to state 4
    ID                shift, and go to state 28
    STRING            shift, and go to state 7
    LEN               shift, and go to state 8
    SIN               shift, and go to state 9
    COS               shift, and go to state 10
    TAN               shift, and go to state 11
    MINUS             shift, and go to state 13
    OPEN_PARENTHESIS  shift, and go to state 29

    OPERATION3  go to state 74
    OPERATION4  go to state 21


State 54

   15 OPERATION2: OPERATION2 DIVIDE • OPERATION3

    INTEGER           shift, and go to state 1
    FLOAT             shift, and go to state 4
    ID                shift, and go to state 28
    STRING            shift, and go to state 7
    LEN               shift, and go to state 8
    SIN               shift, and go to state 9
    COS               shift, and go to state 10
    TAN               shift, and go to state 11
    MINUS             shift, and go to state 13
    OPEN_PARENTHESIS  shift, and go to state 29

    OPERATION3  go to state 75
    OPERATION4  go to state 21


State 55

   16 OPERATION2: OPERATION2 MOD • OPERATION3

    INTEGER           shift, and go to state 1
    FLOAT             shift, and go to state 4
    ID                shift, and go to state 28
    STRING            shift, and go to state 7
    LEN               shift, and go to state 8
    SIN               shift, and go to state 9
    COS               shift, and go to state 10
    TAN               shift, and go to state 11
    MINUS             shift, and go to state 13
    OPEN_PARENTHESIS  shift, and go to state 29

    OPERATION3  go to state 76
    OPERATION4  go to state 21


State 56

   18 OPERATION3: OPERATION4 POWER • OPERATION3

    INTEGER           shift, and go to state 1
    FLOAT             shift, and go to state 4
    ID                shift, and go to state 28
    STRING            shift, and go to state 7
    LEN               shift, and go to state 8
    SIN               shift, and go to state 9
    COS               shift, and go to state 10
    TAN               shift, and go to state 11
    MINUS             shift, and go to state 13
    OPEN_PARENTHESIS  shift, and go to state 29

    OPERATION3  go to state 77
    OPERATION4  go to state 21


State 57

   32 OPERATION_BOOLEAN: OPERATION_BOOLEAN OR • OPERATION_BOOLEAN1

    INTEGER           shift, and go to state 1
    FALSE             shift, and go to state 2
    TRUE              shift, and go to state 3
    FLOAT             shift, and go to state 4
    ID                shift, and go to state 28
    ID_BOOL           shift, and go to state 34
    STRING            shift, and go to state 7
    LEN               shift, and go to state 8
    SIN               shift, and go to state 9
    COS               shift, and go to state 10
    TAN               shift, and go to state 11
    NOT               shift, and go to state 12
    MINUS             shift, and go to state 13
    OPEN_PARENTHESIS  shift, and go to state 14

    OPERATION           go to state 35
    OPERATION2          go to state 19
    OPERATION3          go to state 20
    OPERATION4          go to state 21
    OPERATION_BOOLEAN1  go to state 78
    OPERATION_BOOLEAN2  go to state 24
    OPERATION_BOOLEAN3  go to state 25


State 58

   35 OPERATION_BOOLEAN1: OPERATION_BOOLEAN1 AND • OPERATION_BOOLEAN2

    INTEGER           shift, and go to state 1
    FALSE             shift, and go to state 2
    TRUE              shift, and go to state 3
    FLOAT             shift, and go to state 4
    ID                shift, and go to state 28
    ID_BOOL           shift, and go to state 34
    STRING            shift, and go to state 7
    LEN               shift, and go to state 8
    SIN               shift, and go to state 9
    COS               shift, and go to state 10
    TAN               shift, and go to state 11
    NOT               shift, and go to state 12
    MINUS             shift, and go to state 13
    OPEN_PARENTHESIS  shift, and go to state 14

    OPERATION           go to state 35
    OPERATION2          go to state 19
    OPERATION3          go to state 20
    OPERATION4          go to state 21
    OPERATION_BOOLEAN2  go to state 79
    OPERATION_BOOLEAN3  go to state 25


State 59

    4 expressio: ID ASSIGN OPERATION •
    5          | ID ASSIGN OPERATION • MODE
   11 OPERATION: OPERATION • PLUS OPERATION2
   12          | OPERATION • MINUS OPERATION2
   42 OPERATION_BOOLEAN3: OPERATION • EQUAL OPERATION
   43                   | OPERATION • NOT_EQUAL OPERATION
   44                   | OPERATION • GREATER_EQUAL OPERATION
   45                   | OPERATION • GREATER_THAN OPERATION
   46                   | OPERATION • LESS_THAN OPERATION
   47                   | OPERATION • LESS_EQUAL OPERATION

    MODE           shift, and go to state 80
    PLUS           shift, and go to state 45
    MINUS          shift, and go to state 46
    GREATER_THAN   shift, and go to state 47
    GREATER_EQUAL  shift, and go to state 48
    LESS_THAN      shift, and go to state 49
    LESS_EQUAL     shift, and go to state 50
    EQUAL          shift, and go to state 51
    NOT_EQUAL      shift, and go to state 52

    $default  reduce using rule 4 (expressio)


State 60

    6 expressio: ID ASSIGN OPERATION_BOOLEAN •
   32 OPERATION_BOOLEAN: OPERATION_BOOLEAN • OR OPERATION_BOOLEAN1

    OR  shift, and go to state 57

    $default  reduce using rule 6 (expressio)


State 61

    7 expressio: ID_BOOL ASSIGN OPERATION_BOOLEAN •
   32 OPERATION_BOOLEAN: OPERATION_BOOLEAN • OR OPERATION_BOOLEAN1

    OR  shift, and go to state 57

    $default  reduce using rule 7 (expressio)


State 62

   11 OPERATION: OPERATION • PLUS OPERATION2
   12          | OPERATION • MINUS OPERATION2
   31 OPERATION4: OPEN_PARENTHESIS OPERATION • CLOSED_PARENTHESIS

    PLUS                shift, and go to state 45
    MINUS               shift, and go to state 46
    CLOSED_PARENTHESIS  shift, and go to state 63


State 63

   31 OPERATION4: OPEN_PARENTHESIS OPERATION CLOSED_PARENTHESIS •

    $default  reduce using rule 31 (OPERATION4)


State 64

   38 OPERATION_BOOLEAN3: OPEN_PARENTHESIS OPERATION_BOOLEAN CLOSED_PARENTHESIS •

    $default  reduce using rule 38 (OPERATION_BOOLEAN3)


State 65

    3 expressio_list: expressio ENDLINE expressio_list •

    $default  reduce using rule 3 (expressio_list)


State 66

   11 OPERATION: OPERATION PLUS OPERATION2 •
   14 OPERATION2: OPERATION2 • MULTIPLY OPERATION3
   15           | OPERATION2 • DIVIDE OPERATION3
   16           | OPERATION2 • MOD OPERATION3

    MULTIPLY  shift, and go to state 53
    DIVIDE    shift, and go to state 54
    MOD       shift, and go to state 55

    $default  reduce using rule 11 (OPERATION)


State 67

   12 OPERATION: OPERATION MINUS OPERATION2 •
   14 OPERATION2: OPERATION2 • MULTIPLY OPERATION3
   15           | OPERATION2 • DIVIDE OPERATION3
   16           | OPERATION2 • MOD OPERATION3

    MULTIPLY  shift, and go to state 53
    DIVIDE    shift, and go to state 54
    MOD       shift, and go to state 55

    $default  reduce using rule 12 (OPERATION)


State 68

   11 OPERATION: OPERATION • PLUS OPERATION2
   12          | OPERATION • MINUS OPERATION2
   45 OPERATION_BOOLEAN3: OPERATION GREATER_THAN OPERATION •

    PLUS   shift, and go to state 45
    MINUS  shift, and go to state 46

    $default  reduce using rule 45 (OPERATION_BOOLEAN3)


State 69

   11 OPERATION: OPERATION • PLUS OPERATION2
   12          | OPERATION • MINUS OPERATION2
   44 OPERATION_BOOLEAN3: OPERATION GREATER_EQUAL OPERATION •

    PLUS   shift, and go to state 45
    MINUS  shift, and go to state 46

    $default  reduce using rule 44 (OPERATION_BOOLEAN3)


State 70

   11 OPERATION: OPERATION • PLUS OPERATION2
   12          | OPERATION • MINUS OPERATION2
   46 OPERATION_BOOLEAN3: OPERATION LESS_THAN OPERATION •

    PLUS   shift, and go to state 45
    MINUS  shift, and go to state 46

    $default  reduce using rule 46 (OPERATION_BOOLEAN3)


State 71

   11 OPERATION: OPERATION • PLUS OPERATION2
   12          | OPERATION • MINUS OPERATION2
   47 OPERATION_BOOLEAN3: OPERATION LESS_EQUAL OPERATION •

    PLUS   shift, and go to state 45
    MINUS  shift, and go to state 46

    $default  reduce using rule 47 (OPERATION_BOOLEAN3)


State 72

   11 OPERATION: OPERATION • PLUS OPERATION2
   12          | OPERATION • MINUS OPERATION2
   42 OPERATION_BOOLEAN3: OPERATION EQUAL OPERATION •

    PLUS   shift, and go to state 45
    MINUS  shift, and go to state 46

    $default  reduce using rule 42 (OPERATION_BOOLEAN3)


State 73

   11 OPERATION: OPERATION • PLUS OPERATION2
   12          | OPERATION • MINUS OPERATION2
   43 OPERATION_BOOLEAN3: OPERATION NOT_EQUAL OPERATION •

    PLUS   shift, and go to state 45
    MINUS  shift, and go to state 46

    $default  reduce using rule 43 (OPERATION_BOOLEAN3)


State 74

   14 OPERATION2: OPERATION2 MULTIPLY OPERATION3 •

    $default  reduce using rule 14 (OPERATION2)


State 75

   15 OPERATION2: OPERATION2 DIVIDE OPERATION3 •

    $default  reduce using rule 15 (OPERATION2)


State 76

   16 OPERATION2: OPERATION2 MOD OPERATION3 •

    $default  reduce using rule 16 (OPERATION2)


State 77

   18 OPERATION3: OPERATION4 POWER OPERATION3 •

    $default  reduce using rule 18 (OPERATION3)


State 78

   32 OPERATION_BOOLEAN: OPERATION_BOOLEAN OR OPERATION_BOOLEAN1 •
   35 OPERATION_BOOLEAN1: OPERATION_BOOLEAN1 • AND OPERATION_BOOLEAN2

    AND  shift, and go to state 58

    $default  reduce using rule 32 (OPERATION_BOOLEAN)


State 79

   35 OPERATION_BOOLEAN1: OPERATION_BOOLEAN1 AND OPERATION_BOOLEAN2 •

    $default  reduce using rule 35 (OPERATION_BOOLEAN1)


State 80

    5 expressio: ID ASSIGN OPERATION MODE •

    $default  reduce using rule 5 (expressio)
