Terminals unused in grammar

    EXTRALINE
    COMMENT
    COMMA
    SEMICOLON


Grammar

    0 $accept: programa $end

    1 programa: expressio_list

    2 expressio_list: expressio ENDLINE
    3               | expressio ENDLINE expressio_list

    4 header: ENDLINE REPEAT OPERATION

    5 for_header: FOR ID IN INTEGER DO

    6 if_header: IF OPERATION_BOOLEAN THEN

    7 while_header: WHILE OPERATION_BOOLEAN DO

    8 else_header: if_header ENDLINE expressio_list ELSE

    9 do_header: DO ENDLINE

   10 expressio: header DO ENDLINE expressio_list DONE ENDLINE
   11          | if_header ENDLINE expressio_list FI
   12          | do_header expressio_list UNTIL OPERATION_BOOLEAN
   13          | for_header ENDLINE expressio_list DONE
   14          | while_header ENDLINE expressio_list DONE
   15          | else_header ENDLINE expressio_list FI
   16          | ID ASSIGN OPERATION
   17          | ID ASSIGN OPERATION MODE
   18          | ID ASSIGN OPERATION_BOOLEAN
   19          | ID_BOOL ASSIGN OPERATION_BOOLEAN
   20          | OPERATION MODE
   21          | OPERATION
   22          | OPERATION_BOOLEAN
   23          | ID ASSIGN ID OPENED_CLAUSE OPERATION CLOSED_CLAUSE
   24          | ID OPENED_CLAUSE OPERATION CLOSED_CLAUSE ASSIGN OPERATION

   25 OPERATION: OPERATION PLUS OPERATION2
   26          | OPERATION MINUS OPERATION2
   27          | OPERATION2

   28 OPERATION2: OPERATION2 MULTIPLY OPERATION3
   29           | OPERATION2 DIVIDE OPERATION3
   30           | OPERATION2 MOD OPERATION3
   31           | OPERATION3

   32 OPERATION3: OPERATION4 POWER OPERATION3
   33           | OPERATION4

   34 OPERATION4: SIN OPERATION4
   35           | COS OPERATION4
   36           | TAN OPERATION4
   37           | LEN OPERATION4
   38           | SUBSTR OPEN_PARENTHESIS OPERATION4 OPERATION4 OPERATION4 CLOSED_PARENTHESIS
   39           | INTEGER
   40           | FLOAT
   41           | STRING
   42           | ID
   43           | MINUS ID
   44           | OPEN_PARENTHESIS OPERATION CLOSED_PARENTHESIS

   45 OPERATION_BOOLEAN: OPERATION_BOOLEAN OR OPERATION_BOOLEAN1
   46                  | OPERATION_BOOLEAN1

   47 OPERATION_BOOLEAN1: OPERATION_BOOLEAN2
   48                   | OPERATION_BOOLEAN1 AND OPERATION_BOOLEAN2

   49 OPERATION_BOOLEAN2: OPERATION_BOOLEAN3
   50                   | NOT OPERATION_BOOLEAN2

   51 OPERATION_BOOLEAN3: OPEN_PARENTHESIS OPERATION_BOOLEAN CLOSED_PARENTHESIS
   52                   | TRUE
   53                   | ID_BOOL
   54                   | FALSE
   55                   | OPERATION EQUAL OPERATION
   56                   | OPERATION NOT_EQUAL OPERATION
   57                   | OPERATION GREATER_EQUAL OPERATION
   58                   | OPERATION GREATER_THAN OPERATION
   59                   | OPERATION LESS_THAN OPERATION
   60                   | OPERATION LESS_EQUAL OPERATION


Terminals, with rules where they appear

    $end (0) 0
    error (256)
    INTEGER <enter> (258) 5 39
    FALSE <boolean> (259) 54
    TRUE <boolean> (260) 52
    MODE <mode> (261) 17 20
    FLOAT <real> (262) 40
    ID <ident> (263) 5 16 17 18 23 24 42 43
    ID_BOOL <ident> (264) 19 53
    STRING <cadena> (265) 41
    FOR <sense_valor> (266) 5
    IN <sense_valor> (267) 5
    UNTIL <sense_valor> (268) 12
    WHILE <sense_valor> (269) 7
    ELSE <sense_valor> (270) 8
    IF <sense_valor> (271) 6
    THEN <sense_valor> (272) 6
    FI <sense_valor> (273) 11 15
    EXTRALINE <sense_valor> (274)
    DO <sense_valor> (275) 5 7 9 10
    DONE <sense_valor> (276) 10 13 14
    OPENED_CLAUSE <sense_valor> (277) 23 24
    CLOSED_CLAUSE <sense_valor> (278) 23 24
    COMMENT <sense_valor> (279)
    SUBSTR <sense_valor> (280) 38
    COMMA <sense_valor> (281)
    LEN <sense_valor> (282) 37
    SIN <sense_valor> (283) 34
    COS <sense_valor> (284) 35
    TAN <sense_valor> (285) 36
    AND <sense_valor> (286) 48
    OR <sense_valor> (287) 45
    NOT <sense_valor> (288) 50
    PLUS <sense_valor> (289) 25
    MINUS <sense_valor> (290) 26 43
    MULTIPLY <sense_valor> (291) 28
    DIVIDE <sense_valor> (292) 29
    MOD <sense_valor> (293) 30
    POWER <sense_valor> (294) 32
    CLOSED_PARENTHESIS <sense_valor> (295) 38 44 51
    OPEN_PARENTHESIS <sense_valor> (296) 38 44 51
    ASSIGN <sense_valor> (297) 16 17 18 19 23 24
    ENDLINE <sense_valor> (298) 2 3 4 8 9 10 11 13 14 15
    SEMICOLON <sense_valor> (299)
    GREATER_THAN <sense_valor> (300) 58
    GREATER_EQUAL <sense_valor> (301) 57
    LESS_THAN <sense_valor> (302) 59
    LESS_EQUAL <sense_valor> (303) 60
    EQUAL <sense_valor> (304) 55
    NOT_EQUAL <sense_valor> (305) 56
    REPEAT <header> (306) 4


Nonterminals, with rules where they appear

    $accept (52)
        on left: 0
    programa <sense_valor> (53)
        on left: 1
        on right: 0
    expressio_list <expr_list> (54)
        on left: 2 3
        on right: 1 3 8 10 11 12 13 14 15
    header <header> (55)
        on left: 4
        on right: 10
    for_header <header> (56)
        on left: 5
        on right: 13
    if_header <header> (57)
        on left: 6
        on right: 8 11
    while_header <header> (58)
        on left: 7
        on right: 14
    else_header <header> (59)
        on left: 8
        on right: 15
    do_header <header> (60)
        on left: 9
        on right: 12
    expressio <expr_val> (61)
        on left: 10 11 12 13 14 15 16 17 18 19 20 21 22 23 24
        on right: 2 3
    OPERATION <expr_val> (62)
        on left: 25 26 27
        on right: 4 16 17 20 21 23 24 25 26 44 55 56 57 58 59 60
    OPERATION2 <expr_val> (63)
        on left: 28 29 30 31
        on right: 25 26 27 28 29 30
    OPERATION3 <expr_val> (64)
        on left: 32 33
        on right: 28 29 30 31 32
    OPERATION4 <expr_val> (65)
        on left: 34 35 36 37 38 39 40 41 42 43 44
        on right: 32 33 34 35 36 37 38
    OPERATION_BOOLEAN <expr_val> (66)
        on left: 45 46
        on right: 6 7 12 18 19 22 45 51
    OPERATION_BOOLEAN1 <expr_val> (67)
        on left: 47 48
        on right: 45 46 48
    OPERATION_BOOLEAN2 <expr_val> (68)
        on left: 49 50
        on right: 47 48 50
    OPERATION_BOOLEAN3 <expr_val> (69)
        on left: 51 52 53 54 55 56 57 58 59 60
        on right: 49


State 0

    0 $accept: • programa $end

    INTEGER           shift, and go to state 1
    FALSE             shift, and go to state 2
    TRUE              shift, and go to state 3
    FLOAT             shift, and go to state 4
    ID                shift, and go to state 5
    ID_BOOL           shift, and go to state 6
    STRING            shift, and go to state 7
    FOR               shift, and go to state 8
    WHILE             shift, and go to state 9
    IF                shift, and go to state 10
    DO                shift, and go to state 11
    SUBSTR            shift, and go to state 12
    LEN               shift, and go to state 13
    SIN               shift, and go to state 14
    COS               shift, and go to state 15
    TAN               shift, and go to state 16
    NOT               shift, and go to state 17
    MINUS             shift, and go to state 18
    OPEN_PARENTHESIS  shift, and go to state 19
    ENDLINE           shift, and go to state 20

    programa            go to state 21
    expressio_list      go to state 22
    header              go to state 23
    for_header          go to state 24
    if_header           go to state 25
    while_header        go to state 26
    else_header         go to state 27
    do_header           go to state 28
    expressio           go to state 29
    OPERATION           go to state 30
    OPERATION2          go to state 31
    OPERATION3          go to state 32
    OPERATION4          go to state 33
    OPERATION_BOOLEAN   go to state 34
    OPERATION_BOOLEAN1  go to state 35
    OPERATION_BOOLEAN2  go to state 36
    OPERATION_BOOLEAN3  go to state 37


State 1

   39 OPERATION4: INTEGER •

    $default  reduce using rule 39 (OPERATION4)


State 2

   54 OPERATION_BOOLEAN3: FALSE •

    $default  reduce using rule 54 (OPERATION_BOOLEAN3)


State 3

   52 OPERATION_BOOLEAN3: TRUE •

    $default  reduce using rule 52 (OPERATION_BOOLEAN3)


State 4

   40 OPERATION4: FLOAT •

    $default  reduce using rule 40 (OPERATION4)


State 5

   16 expressio: ID • ASSIGN OPERATION
   17          | ID • ASSIGN OPERATION MODE
   18          | ID • ASSIGN OPERATION_BOOLEAN
   23          | ID • ASSIGN ID OPENED_CLAUSE OPERATION CLOSED_CLAUSE
   24          | ID • OPENED_CLAUSE OPERATION CLOSED_CLAUSE ASSIGN OPERATION
   42 OPERATION4: ID •

    OPENED_CLAUSE  shift, and go to state 38
    ASSIGN         shift, and go to state 39

    $default  reduce using rule 42 (OPERATION4)


State 6

   19 expressio: ID_BOOL • ASSIGN OPERATION_BOOLEAN
   53 OPERATION_BOOLEAN3: ID_BOOL •

    ASSIGN  shift, and go to state 40

    $default  reduce using rule 53 (OPERATION_BOOLEAN3)


State 7

   41 OPERATION4: STRING •

    $default  reduce using rule 41 (OPERATION4)


State 8

    5 for_header: FOR • ID IN INTEGER DO

    ID  shift, and go to state 41


State 9

    7 while_header: WHILE • OPERATION_BOOLEAN DO

    INTEGER           shift, and go to state 1
    FALSE             shift, and go to state 2
    TRUE              shift, and go to state 3
    FLOAT             shift, and go to state 4
    ID                shift, and go to state 42
    ID_BOOL           shift, and go to state 43
    STRING            shift, and go to state 7
    SUBSTR            shift, and go to state 12
    LEN               shift, and go to state 13
    SIN               shift, and go to state 14
    COS               shift, and go to state 15
    TAN               shift, and go to state 16
    NOT               shift, and go to state 17
    MINUS             shift, and go to state 18
    OPEN_PARENTHESIS  shift, and go to state 19

    OPERATION           go to state 44
    OPERATION2          go to state 31
    OPERATION3          go to state 32
    OPERATION4          go to state 33
    OPERATION_BOOLEAN   go to state 45
    OPERATION_BOOLEAN1  go to state 35
    OPERATION_BOOLEAN2  go to state 36
    OPERATION_BOOLEAN3  go to state 37


State 10

    6 if_header: IF • OPERATION_BOOLEAN THEN

    INTEGER           shift, and go to state 1
    FALSE             shift, and go to state 2
    TRUE              shift, and go to state 3
    FLOAT             shift, and go to state 4
    ID                shift, and go to state 42
    ID_BOOL           shift, and go to state 43
    STRING            shift, and go to state 7
    SUBSTR            shift, and go to state 12
    LEN               shift, and go to state 13
    SIN               shift, and go to state 14
    COS               shift, and go to state 15
    TAN               shift, and go to state 16
    NOT               shift, and go to state 17
    MINUS             shift, and go to state 18
    OPEN_PARENTHESIS  shift, and go to state 19

    OPERATION           go to state 44
    OPERATION2          go to state 31
    OPERATION3          go to state 32
    OPERATION4          go to state 33
    OPERATION_BOOLEAN   go to state 46
    OPERATION_BOOLEAN1  go to state 35
    OPERATION_BOOLEAN2  go to state 36
    OPERATION_BOOLEAN3  go to state 37


State 11

    9 do_header: DO • ENDLINE

    ENDLINE  shift, and go to state 47


State 12

   38 OPERATION4: SUBSTR • OPEN_PARENTHESIS OPERATION4 OPERATION4 OPERATION4 CLOSED_PARENTHESIS

    OPEN_PARENTHESIS  shift, and go to state 48


State 13

   37 OPERATION4: LEN • OPERATION4

    INTEGER           shift, and go to state 1
    FLOAT             shift, and go to state 4
    ID                shift, and go to state 42
    STRING            shift, and go to state 7
    SUBSTR            shift, and go to state 12
    LEN               shift, and go to state 13
    SIN               shift, and go to state 14
    COS               shift, and go to state 15
    TAN               shift, and go to state 16
    MINUS             shift, and go to state 18
    OPEN_PARENTHESIS  shift, and go to state 49

    OPERATION4  go to state 50


State 14

   34 OPERATION4: SIN • OPERATION4

    INTEGER           shift, and go to state 1
    FLOAT             shift, and go to state 4
    ID                shift, and go to state 42
    STRING            shift, and go to state 7
    SUBSTR            shift, and go to state 12
    LEN               shift, and go to state 13
    SIN               shift, and go to state 14
    COS               shift, and go to state 15
    TAN               shift, and go to state 16
    MINUS             shift, and go to state 18
    OPEN_PARENTHESIS  shift, and go to state 49

    OPERATION4  go to state 51


State 15

   35 OPERATION4: COS • OPERATION4

    INTEGER           shift, and go to state 1
    FLOAT             shift, and go to state 4
    ID                shift, and go to state 42
    STRING            shift, and go to state 7
    SUBSTR            shift, and go to state 12
    LEN               shift, and go to state 13
    SIN               shift, and go to state 14
    COS               shift, and go to state 15
    TAN               shift, and go to state 16
    MINUS             shift, and go to state 18
    OPEN_PARENTHESIS  shift, and go to state 49

    OPERATION4  go to state 52


State 16

   36 OPERATION4: TAN • OPERATION4

    INTEGER           shift, and go to state 1
    FLOAT             shift, and go to state 4
    ID                shift, and go to state 42
    STRING            shift, and go to state 7
    SUBSTR            shift, and go to state 12
    LEN               shift, and go to state 13
    SIN               shift, and go to state 14
    COS               shift, and go to state 15
    TAN               shift, and go to state 16
    MINUS             shift, and go to state 18
    OPEN_PARENTHESIS  shift, and go to state 49

    OPERATION4  go to state 53


State 17

   50 OPERATION_BOOLEAN2: NOT • OPERATION_BOOLEAN2

    INTEGER           shift, and go to state 1
    FALSE             shift, and go to state 2
    TRUE              shift, and go to state 3
    FLOAT             shift, and go to state 4
    ID                shift, and go to state 42
    ID_BOOL           shift, and go to state 43
    STRING            shift, and go to state 7
    SUBSTR            shift, and go to state 12
    LEN               shift, and go to state 13
    SIN               shift, and go to state 14
    COS               shift, and go to state 15
    TAN               shift, and go to state 16
    NOT               shift, and go to state 17
    MINUS             shift, and go to state 18
    OPEN_PARENTHESIS  shift, and go to state 19

    OPERATION           go to state 44
    OPERATION2          go to state 31
    OPERATION3          go to state 32
    OPERATION4          go to state 33
    OPERATION_BOOLEAN2  go to state 54
    OPERATION_BOOLEAN3  go to state 37


State 18

   43 OPERATION4: MINUS • ID

    ID  shift, and go to state 55


State 19

   44 OPERATION4: OPEN_PARENTHESIS • OPERATION CLOSED_PARENTHESIS
   51 OPERATION_BOOLEAN3: OPEN_PARENTHESIS • OPERATION_BOOLEAN CLOSED_PARENTHESIS

    INTEGER           shift, and go to state 1
    FALSE             shift, and go to state 2
    TRUE              shift, and go to state 3
    FLOAT             shift, and go to state 4
    ID                shift, and go to state 42
    ID_BOOL           shift, and go to state 43
    STRING            shift, and go to state 7
    SUBSTR            shift, and go to state 12
    LEN               shift, and go to state 13
    SIN               shift, and go to state 14
    COS               shift, and go to state 15
    TAN               shift, and go to state 16
    NOT               shift, and go to state 17
    MINUS             shift, and go to state 18
    OPEN_PARENTHESIS  shift, and go to state 19

    OPERATION           go to state 56
    OPERATION2          go to state 31
    OPERATION3          go to state 32
    OPERATION4          go to state 33
    OPERATION_BOOLEAN   go to state 57
    OPERATION_BOOLEAN1  go to state 35
    OPERATION_BOOLEAN2  go to state 36
    OPERATION_BOOLEAN3  go to state 37


State 20

    4 header: ENDLINE • REPEAT OPERATION

    REPEAT  shift, and go to state 58


State 21

    0 $accept: programa • $end

    $end  shift, and go to state 59


State 22

    1 programa: expressio_list •

    $default  reduce using rule 1 (programa)


State 23

   10 expressio: header • DO ENDLINE expressio_list DONE ENDLINE

    DO  shift, and go to state 60


State 24

   13 expressio: for_header • ENDLINE expressio_list DONE

    ENDLINE  shift, and go to state 61


State 25

    8 else_header: if_header • ENDLINE expressio_list ELSE
   11 expressio: if_header • ENDLINE expressio_list FI

    ENDLINE  shift, and go to state 62


State 26

   14 expressio: while_header • ENDLINE expressio_list DONE

    ENDLINE  shift, and go to state 63


State 27

   15 expressio: else_header • ENDLINE expressio_list FI

    ENDLINE  shift, and go to state 64


State 28

   12 expressio: do_header • expressio_list UNTIL OPERATION_BOOLEAN

    INTEGER           shift, and go to state 1
    FALSE             shift, and go to state 2
    TRUE              shift, and go to state 3
    FLOAT             shift, and go to state 4
    ID                shift, and go to state 5
    ID_BOOL           shift, and go to state 6
    STRING            shift, and go to state 7
    FOR               shift, and go to state 8
    WHILE             shift, and go to state 9
    IF                shift, and go to state 10
    DO                shift, and go to state 11
    SUBSTR            shift, and go to state 12
    LEN               shift, and go to state 13
    SIN               shift, and go to state 14
    COS               shift, and go to state 15
    TAN               shift, and go to state 16
    NOT               shift, and go to state 17
    MINUS             shift, and go to state 18
    OPEN_PARENTHESIS  shift, and go to state 19
    ENDLINE           shift, and go to state 20

    expressio_list      go to state 65
    header              go to state 23
    for_header          go to state 24
    if_header           go to state 25
    while_header        go to state 26
    else_header         go to state 27
    do_header           go to state 28
    expressio           go to state 29
    OPERATION           go to state 30
    OPERATION2          go to state 31
    OPERATION3          go to state 32
    OPERATION4          go to state 33
    OPERATION_BOOLEAN   go to state 34
    OPERATION_BOOLEAN1  go to state 35
    OPERATION_BOOLEAN2  go to state 36
    OPERATION_BOOLEAN3  go to state 37


State 29

    2 expressio_list: expressio • ENDLINE
    3               | expressio • ENDLINE expressio_list

    ENDLINE  shift, and go to state 66


State 30

   20 expressio: OPERATION • MODE
   21          | OPERATION •
   25 OPERATION: OPERATION • PLUS OPERATION2
   26          | OPERATION • MINUS OPERATION2
   55 OPERATION_BOOLEAN3: OPERATION • EQUAL OPERATION
   56                   | OPERATION • NOT_EQUAL OPERATION
   57                   | OPERATION • GREATER_EQUAL OPERATION
   58                   | OPERATION • GREATER_THAN OPERATION
   59                   | OPERATION • LESS_THAN OPERATION
   60                   | OPERATION • LESS_EQUAL OPERATION

    MODE           shift, and go to state 67
    PLUS           shift, and go to state 68
    MINUS          shift, and go to state 69
    GREATER_THAN   shift, and go to state 70
    GREATER_EQUAL  shift, and go to state 71
    LESS_THAN      shift, and go to state 72
    LESS_EQUAL     shift, and go to state 73
    EQUAL          shift, and go to state 74
    NOT_EQUAL      shift, and go to state 75

    $default  reduce using rule 21 (expressio)


State 31

   27 OPERATION: OPERATION2 •
   28 OPERATION2: OPERATION2 • MULTIPLY OPERATION3
   29           | OPERATION2 • DIVIDE OPERATION3
   30           | OPERATION2 • MOD OPERATION3

    MULTIPLY  shift, and go to state 76
    DIVIDE    shift, and go to state 77
    MOD       shift, and go to state 78

    $default  reduce using rule 27 (OPERATION)


State 32

   31 OPERATION2: OPERATION3 •

    $default  reduce using rule 31 (OPERATION2)


State 33

   32 OPERATION3: OPERATION4 • POWER OPERATION3
   33           | OPERATION4 •

    POWER  shift, and go to state 79

    $default  reduce using rule 33 (OPERATION3)


State 34

   22 expressio: OPERATION_BOOLEAN •
   45 OPERATION_BOOLEAN: OPERATION_BOOLEAN • OR OPERATION_BOOLEAN1

    OR  shift, and go to state 80

    $default  reduce using rule 22 (expressio)


State 35

   46 OPERATION_BOOLEAN: OPERATION_BOOLEAN1 •
   48 OPERATION_BOOLEAN1: OPERATION_BOOLEAN1 • AND OPERATION_BOOLEAN2

    AND  shift, and go to state 81

    $default  reduce using rule 46 (OPERATION_BOOLEAN)


State 36

   47 OPERATION_BOOLEAN1: OPERATION_BOOLEAN2 •

    $default  reduce using rule 47 (OPERATION_BOOLEAN1)


State 37

   49 OPERATION_BOOLEAN2: OPERATION_BOOLEAN3 •

    $default  reduce using rule 49 (OPERATION_BOOLEAN2)


State 38

   24 expressio: ID OPENED_CLAUSE • OPERATION CLOSED_CLAUSE ASSIGN OPERATION

    INTEGER           shift, and go to state 1
    FLOAT             shift, and go to state 4
    ID                shift, and go to state 42
    STRING            shift, and go to state 7
    SUBSTR            shift, and go to state 12
    LEN               shift, and go to state 13
    SIN               shift, and go to state 14
    COS               shift, and go to state 15
    TAN               shift, and go to state 16
    MINUS             shift, and go to state 18
    OPEN_PARENTHESIS  shift, and go to state 49

    OPERATION   go to state 82
    OPERATION2  go to state 31
    OPERATION3  go to state 32
    OPERATION4  go to state 33


State 39

   16 expressio: ID ASSIGN • OPERATION
   17          | ID ASSIGN • OPERATION MODE
   18          | ID ASSIGN • OPERATION_BOOLEAN
   23          | ID ASSIGN • ID OPENED_CLAUSE OPERATION CLOSED_CLAUSE

    INTEGER           shift, and go to state 1
    FALSE             shift, and go to state 2
    TRUE              shift, and go to state 3
    FLOAT             shift, and go to state 4
    ID                shift, and go to state 83
    ID_BOOL           shift, and go to state 43
    STRING            shift, and go to state 7
    SUBSTR            shift, and go to state 12
    LEN               shift, and go to state 13
    SIN               shift, and go to state 14
    COS               shift, and go to state 15
    TAN               shift, and go to state 16
    NOT               shift, and go to state 17
    MINUS             shift, and go to state 18
    OPEN_PARENTHESIS  shift, and go to state 19

    OPERATION           go to state 84
    OPERATION2          go to state 31
    OPERATION3          go to state 32
    OPERATION4          go to state 33
    OPERATION_BOOLEAN   go to state 85
    OPERATION_BOOLEAN1  go to state 35
    OPERATION_BOOLEAN2  go to state 36
    OPERATION_BOOLEAN3  go to state 37


State 40

   19 expressio: ID_BOOL ASSIGN • OPERATION_BOOLEAN

    INTEGER           shift, and go to state 1
    FALSE             shift, and go to state 2
    TRUE              shift, and go to state 3
    FLOAT             shift, and go to state 4
    ID                shift, and go to state 42
    ID_BOOL           shift, and go to state 43
    STRING            shift, and go to state 7
    SUBSTR            shift, and go to state 12
    LEN               shift, and go to state 13
    SIN               shift, and go to state 14
    COS               shift, and go to state 15
    TAN               shift, and go to state 16
    NOT               shift, and go to state 17
    MINUS             shift, and go to state 18
    OPEN_PARENTHESIS  shift, and go to state 19

    OPERATION           go to state 44
    OPERATION2          go to state 31
    OPERATION3          go to state 32
    OPERATION4          go to state 33
    OPERATION_BOOLEAN   go to state 86
    OPERATION_BOOLEAN1  go to state 35
    OPERATION_BOOLEAN2  go to state 36
    OPERATION_BOOLEAN3  go to state 37


State 41

    5 for_header: FOR ID • IN INTEGER DO

    IN  shift, and go to state 87


State 42

   42 OPERATION4: ID •

    $default  reduce using rule 42 (OPERATION4)


State 43

   53 OPERATION_BOOLEAN3: ID_BOOL •

    $default  reduce using rule 53 (OPERATION_BOOLEAN3)


State 44

   25 OPERATION: OPERATION • PLUS OPERATION2
   26          | OPERATION • MINUS OPERATION2
   55 OPERATION_BOOLEAN3: OPERATION • EQUAL OPERATION
   56                   | OPERATION • NOT_EQUAL OPERATION
   57                   | OPERATION • GREATER_EQUAL OPERATION
   58                   | OPERATION • GREATER_THAN OPERATION
   59                   | OPERATION • LESS_THAN OPERATION
   60                   | OPERATION • LESS_EQUAL OPERATION

    PLUS           shift, and go to state 68
    MINUS          shift, and go to state 69
    GREATER_THAN   shift, and go to state 70
    GREATER_EQUAL  shift, and go to state 71
    LESS_THAN      shift, and go to state 72
    LESS_EQUAL     shift, and go to state 73
    EQUAL          shift, and go to state 74
    NOT_EQUAL      shift, and go to state 75


State 45

    7 while_header: WHILE OPERATION_BOOLEAN • DO
   45 OPERATION_BOOLEAN: OPERATION_BOOLEAN • OR OPERATION_BOOLEAN1

    DO  shift, and go to state 88
    OR  shift, and go to state 80


State 46

    6 if_header: IF OPERATION_BOOLEAN • THEN
   45 OPERATION_BOOLEAN: OPERATION_BOOLEAN • OR OPERATION_BOOLEAN1

    THEN  shift, and go to state 89
    OR    shift, and go to state 80


State 47

    9 do_header: DO ENDLINE •

    $default  reduce using rule 9 (do_header)


State 48

   38 OPERATION4: SUBSTR OPEN_PARENTHESIS • OPERATION4 OPERATION4 OPERATION4 CLOSED_PARENTHESIS

    INTEGER           shift, and go to state 1
    FLOAT             shift, and go to state 4
    ID                shift, and go to state 42
    STRING            shift, and go to state 7
    SUBSTR            shift, and go to state 12
    LEN               shift, and go to state 13
    SIN               shift, and go to state 14
    COS               shift, and go to state 15
    TAN               shift, and go to state 16
    MINUS             shift, and go to state 18
    OPEN_PARENTHESIS  shift, and go to state 49

    OPERATION4  go to state 90


State 49

   44 OPERATION4: OPEN_PARENTHESIS • OPERATION CLOSED_PARENTHESIS

    INTEGER           shift, and go to state 1
    FLOAT             shift, and go to state 4
    ID                shift, and go to state 42
    STRING            shift, and go to state 7
    SUBSTR            shift, and go to state 12
    LEN               shift, and go to state 13
    SIN               shift, and go to state 14
    COS               shift, and go to state 15
    TAN               shift, and go to state 16
    MINUS             shift, and go to state 18
    OPEN_PARENTHESIS  shift, and go to state 49

    OPERATION   go to state 91
    OPERATION2  go to state 31
    OPERATION3  go to state 32
    OPERATION4  go to state 33


State 50

   37 OPERATION4: LEN OPERATION4 •

    $default  reduce using rule 37 (OPERATION4)


State 51

   34 OPERATION4: SIN OPERATION4 •

    $default  reduce using rule 34 (OPERATION4)


State 52

   35 OPERATION4: COS OPERATION4 •

    $default  reduce using rule 35 (OPERATION4)


State 53

   36 OPERATION4: TAN OPERATION4 •

    $default  reduce using rule 36 (OPERATION4)


State 54

   50 OPERATION_BOOLEAN2: NOT OPERATION_BOOLEAN2 •

    $default  reduce using rule 50 (OPERATION_BOOLEAN2)


State 55

   43 OPERATION4: MINUS ID •

    $default  reduce using rule 43 (OPERATION4)


State 56

   25 OPERATION: OPERATION • PLUS OPERATION2
   26          | OPERATION • MINUS OPERATION2
   44 OPERATION4: OPEN_PARENTHESIS OPERATION • CLOSED_PARENTHESIS
   55 OPERATION_BOOLEAN3: OPERATION • EQUAL OPERATION
   56                   | OPERATION • NOT_EQUAL OPERATION
   57                   | OPERATION • GREATER_EQUAL OPERATION
   58                   | OPERATION • GREATER_THAN OPERATION
   59                   | OPERATION • LESS_THAN OPERATION
   60                   | OPERATION • LESS_EQUAL OPERATION

    PLUS                shift, and go to state 68
    MINUS               shift, and go to state 69
    CLOSED_PARENTHESIS  shift, and go to state 92
    GREATER_THAN        shift, and go to state 70
    GREATER_EQUAL       shift, and go to state 71
    LESS_THAN           shift, and go to state 72
    LESS_EQUAL          shift, and go to state 73
    EQUAL               shift, and go to state 74
    NOT_EQUAL           shift, and go to state 75


State 57

   45 OPERATION_BOOLEAN: OPERATION_BOOLEAN • OR OPERATION_BOOLEAN1
   51 OPERATION_BOOLEAN3: OPEN_PARENTHESIS OPERATION_BOOLEAN • CLOSED_PARENTHESIS

    OR                  shift, and go to state 80
    CLOSED_PARENTHESIS  shift, and go to state 93


State 58

    4 header: ENDLINE REPEAT • OPERATION

    INTEGER           shift, and go to state 1
    FLOAT             shift, and go to state 4
    ID                shift, and go to state 42
    STRING            shift, and go to state 7
    SUBSTR            shift, and go to state 12
    LEN               shift, and go to state 13
    SIN               shift, and go to state 14
    COS               shift, and go to state 15
    TAN               shift, and go to state 16
    MINUS             shift, and go to state 18
    OPEN_PARENTHESIS  shift, and go to state 49

    OPERATION   go to state 94
    OPERATION2  go to state 31
    OPERATION3  go to state 32
    OPERATION4  go to state 33


State 59

    0 $accept: programa $end •

    $default  accept


State 60

   10 expressio: header DO • ENDLINE expressio_list DONE ENDLINE

    ENDLINE  shift, and go to state 95


State 61

   13 expressio: for_header ENDLINE • expressio_list DONE

    INTEGER           shift, and go to state 1
    FALSE             shift, and go to state 2
    TRUE              shift, and go to state 3
    FLOAT             shift, and go to state 4
    ID                shift, and go to state 5
    ID_BOOL           shift, and go to state 6
    STRING            shift, and go to state 7
    FOR               shift, and go to state 8
    WHILE             shift, and go to state 9
    IF                shift, and go to state 10
    DO                shift, and go to state 11
    SUBSTR            shift, and go to state 12
    LEN               shift, and go to state 13
    SIN               shift, and go to state 14
    COS               shift, and go to state 15
    TAN               shift, and go to state 16
    NOT               shift, and go to state 17
    MINUS             shift, and go to state 18
    OPEN_PARENTHESIS  shift, and go to state 19
    ENDLINE           shift, and go to state 20

    expressio_list      go to state 96
    header              go to state 23
    for_header          go to state 24
    if_header           go to state 25
    while_header        go to state 26
    else_header         go to state 27
    do_header           go to state 28
    expressio           go to state 29
    OPERATION           go to state 30
    OPERATION2          go to state 31
    OPERATION3          go to state 32
    OPERATION4          go to state 33
    OPERATION_BOOLEAN   go to state 34
    OPERATION_BOOLEAN1  go to state 35
    OPERATION_BOOLEAN2  go to state 36
    OPERATION_BOOLEAN3  go to state 37


State 62

    8 else_header: if_header ENDLINE • expressio_list ELSE
   11 expressio: if_header ENDLINE • expressio_list FI

    INTEGER           shift, and go to state 1
    FALSE             shift, and go to state 2
    TRUE              shift, and go to state 3
    FLOAT             shift, and go to state 4
    ID                shift, and go to state 5
    ID_BOOL           shift, and go to state 6
    STRING            shift, and go to state 7
    FOR               shift, and go to state 8
    WHILE             shift, and go to state 9
    IF                shift, and go to state 10
    DO                shift, and go to state 11
    SUBSTR            shift, and go to state 12
    LEN               shift, and go to state 13
    SIN               shift, and go to state 14
    COS               shift, and go to state 15
    TAN               shift, and go to state 16
    NOT               shift, and go to state 17
    MINUS             shift, and go to state 18
    OPEN_PARENTHESIS  shift, and go to state 19
    ENDLINE           shift, and go to state 20

    expressio_list      go to state 97
    header              go to state 23
    for_header          go to state 24
    if_header           go to state 25
    while_header        go to state 26
    else_header         go to state 27
    do_header           go to state 28
    expressio           go to state 29
    OPERATION           go to state 30
    OPERATION2          go to state 31
    OPERATION3          go to state 32
    OPERATION4          go to state 33
    OPERATION_BOOLEAN   go to state 34
    OPERATION_BOOLEAN1  go to state 35
    OPERATION_BOOLEAN2  go to state 36
    OPERATION_BOOLEAN3  go to state 37


State 63

   14 expressio: while_header ENDLINE • expressio_list DONE

    INTEGER           shift, and go to state 1
    FALSE             shift, and go to state 2
    TRUE              shift, and go to state 3
    FLOAT             shift, and go to state 4
    ID                shift, and go to state 5
    ID_BOOL           shift, and go to state 6
    STRING            shift, and go to state 7
    FOR               shift, and go to state 8
    WHILE             shift, and go to state 9
    IF                shift, and go to state 10
    DO                shift, and go to state 11
    SUBSTR            shift, and go to state 12
    LEN               shift, and go to state 13
    SIN               shift, and go to state 14
    COS               shift, and go to state 15
    TAN               shift, and go to state 16
    NOT               shift, and go to state 17
    MINUS             shift, and go to state 18
    OPEN_PARENTHESIS  shift, and go to state 19
    ENDLINE           shift, and go to state 20

    expressio_list      go to state 98
    header              go to state 23
    for_header          go to state 24
    if_header           go to state 25
    while_header        go to state 26
    else_header         go to state 27
    do_header           go to state 28
    expressio           go to state 29
    OPERATION           go to state 30
    OPERATION2          go to state 31
    OPERATION3          go to state 32
    OPERATION4          go to state 33
    OPERATION_BOOLEAN   go to state 34
    OPERATION_BOOLEAN1  go to state 35
    OPERATION_BOOLEAN2  go to state 36
    OPERATION_BOOLEAN3  go to state 37


State 64

   15 expressio: else_header ENDLINE • expressio_list FI

    INTEGER           shift, and go to state 1
    FALSE             shift, and go to state 2
    TRUE              shift, and go to state 3
    FLOAT             shift, and go to state 4
    ID                shift, and go to state 5
    ID_BOOL           shift, and go to state 6
    STRING            shift, and go to state 7
    FOR               shift, and go to state 8
    WHILE             shift, and go to state 9
    IF                shift, and go to state 10
    DO                shift, and go to state 11
    SUBSTR            shift, and go to state 12
    LEN               shift, and go to state 13
    SIN               shift, and go to state 14
    COS               shift, and go to state 15
    TAN               shift, and go to state 16
    NOT               shift, and go to state 17
    MINUS             shift, and go to state 18
    OPEN_PARENTHESIS  shift, and go to state 19
    ENDLINE           shift, and go to state 20

    expressio_list      go to state 99
    header              go to state 23
    for_header          go to state 24
    if_header           go to state 25
    while_header        go to state 26
    else_header         go to state 27
    do_header           go to state 28
    expressio           go to state 29
    OPERATION           go to state 30
    OPERATION2          go to state 31
    OPERATION3          go to state 32
    OPERATION4          go to state 33
    OPERATION_BOOLEAN   go to state 34
    OPERATION_BOOLEAN1  go to state 35
    OPERATION_BOOLEAN2  go to state 36
    OPERATION_BOOLEAN3  go to state 37


State 65

   12 expressio: do_header expressio_list • UNTIL OPERATION_BOOLEAN

    UNTIL  shift, and go to state 100


State 66

    2 expressio_list: expressio ENDLINE •
    3               | expressio ENDLINE • expressio_list

    INTEGER           shift, and go to state 1
    FALSE             shift, and go to state 2
    TRUE              shift, and go to state 3
    FLOAT             shift, and go to state 4
    ID                shift, and go to state 5
    ID_BOOL           shift, and go to state 6
    STRING            shift, and go to state 7
    FOR               shift, and go to state 8
    WHILE             shift, and go to state 9
    IF                shift, and go to state 10
    DO                shift, and go to state 11
    SUBSTR            shift, and go to state 12
    LEN               shift, and go to state 13
    SIN               shift, and go to state 14
    COS               shift, and go to state 15
    TAN               shift, and go to state 16
    NOT               shift, and go to state 17
    MINUS             shift, and go to state 18
    OPEN_PARENTHESIS  shift, and go to state 19
    ENDLINE           shift, and go to state 20

    $default  reduce using rule 2 (expressio_list)

    expressio_list      go to state 101
    header              go to state 23
    for_header          go to state 24
    if_header           go to state 25
    while_header        go to state 26
    else_header         go to state 27
    do_header           go to state 28
    expressio           go to state 29
    OPERATION           go to state 30
    OPERATION2          go to state 31
    OPERATION3          go to state 32
    OPERATION4          go to state 33
    OPERATION_BOOLEAN   go to state 34
    OPERATION_BOOLEAN1  go to state 35
    OPERATION_BOOLEAN2  go to state 36
    OPERATION_BOOLEAN3  go to state 37


State 67

   20 expressio: OPERATION MODE •

    $default  reduce using rule 20 (expressio)


State 68

   25 OPERATION: OPERATION PLUS • OPERATION2

    INTEGER           shift, and go to state 1
    FLOAT             shift, and go to state 4
    ID                shift, and go to state 42
    STRING            shift, and go to state 7
    SUBSTR            shift, and go to state 12
    LEN               shift, and go to state 13
    SIN               shift, and go to state 14
    COS               shift, and go to state 15
    TAN               shift, and go to state 16
    MINUS             shift, and go to state 18
    OPEN_PARENTHESIS  shift, and go to state 49

    OPERATION2  go to state 102
    OPERATION3  go to state 32
    OPERATION4  go to state 33


State 69

   26 OPERATION: OPERATION MINUS • OPERATION2

    INTEGER           shift, and go to state 1
    FLOAT             shift, and go to state 4
    ID                shift, and go to state 42
    STRING            shift, and go to state 7
    SUBSTR            shift, and go to state 12
    LEN               shift, and go to state 13
    SIN               shift, and go to state 14
    COS               shift, and go to state 15
    TAN               shift, and go to state 16
    MINUS             shift, and go to state 18
    OPEN_PARENTHESIS  shift, and go to state 49

    OPERATION2  go to state 103
    OPERATION3  go to state 32
    OPERATION4  go to state 33


State 70

   58 OPERATION_BOOLEAN3: OPERATION GREATER_THAN • OPERATION

    INTEGER           shift, and go to state 1
    FLOAT             shift, and go to state 4
    ID                shift, and go to state 42
    STRING            shift, and go to state 7
    SUBSTR            shift, and go to state 12
    LEN               shift, and go to state 13
    SIN               shift, and go to state 14
    COS               shift, and go to state 15
    TAN               shift, and go to state 16
    MINUS             shift, and go to state 18
    OPEN_PARENTHESIS  shift, and go to state 49

    OPERATION   go to state 104
    OPERATION2  go to state 31
    OPERATION3  go to state 32
    OPERATION4  go to state 33


State 71

   57 OPERATION_BOOLEAN3: OPERATION GREATER_EQUAL • OPERATION

    INTEGER           shift, and go to state 1
    FLOAT             shift, and go to state 4
    ID                shift, and go to state 42
    STRING            shift, and go to state 7
    SUBSTR            shift, and go to state 12
    LEN               shift, and go to state 13
    SIN               shift, and go to state 14
    COS               shift, and go to state 15
    TAN               shift, and go to state 16
    MINUS             shift, and go to state 18
    OPEN_PARENTHESIS  shift, and go to state 49

    OPERATION   go to state 105
    OPERATION2  go to state 31
    OPERATION3  go to state 32
    OPERATION4  go to state 33


State 72

   59 OPERATION_BOOLEAN3: OPERATION LESS_THAN • OPERATION

    INTEGER           shift, and go to state 1
    FLOAT             shift, and go to state 4
    ID                shift, and go to state 42
    STRING            shift, and go to state 7
    SUBSTR            shift, and go to state 12
    LEN               shift, and go to state 13
    SIN               shift, and go to state 14
    COS               shift, and go to state 15
    TAN               shift, and go to state 16
    MINUS             shift, and go to state 18
    OPEN_PARENTHESIS  shift, and go to state 49

    OPERATION   go to state 106
    OPERATION2  go to state 31
    OPERATION3  go to state 32
    OPERATION4  go to state 33


State 73

   60 OPERATION_BOOLEAN3: OPERATION LESS_EQUAL • OPERATION

    INTEGER           shift, and go to state 1
    FLOAT             shift, and go to state 4
    ID                shift, and go to state 42
    STRING            shift, and go to state 7
    SUBSTR            shift, and go to state 12
    LEN               shift, and go to state 13
    SIN               shift, and go to state 14
    COS               shift, and go to state 15
    TAN               shift, and go to state 16
    MINUS             shift, and go to state 18
    OPEN_PARENTHESIS  shift, and go to state 49

    OPERATION   go to state 107
    OPERATION2  go to state 31
    OPERATION3  go to state 32
    OPERATION4  go to state 33


State 74

   55 OPERATION_BOOLEAN3: OPERATION EQUAL • OPERATION

    INTEGER           shift, and go to state 1
    FLOAT             shift, and go to state 4
    ID                shift, and go to state 42
    STRING            shift, and go to state 7
    SUBSTR            shift, and go to state 12
    LEN               shift, and go to state 13
    SIN               shift, and go to state 14
    COS               shift, and go to state 15
    TAN               shift, and go to state 16
    MINUS             shift, and go to state 18
    OPEN_PARENTHESIS  shift, and go to state 49

    OPERATION   go to state 108
    OPERATION2  go to state 31
    OPERATION3  go to state 32
    OPERATION4  go to state 33


State 75

   56 OPERATION_BOOLEAN3: OPERATION NOT_EQUAL • OPERATION

    INTEGER           shift, and go to state 1
    FLOAT             shift, and go to state 4
    ID                shift, and go to state 42
    STRING            shift, and go to state 7
    SUBSTR            shift, and go to state 12
    LEN               shift, and go to state 13
    SIN               shift, and go to state 14
    COS               shift, and go to state 15
    TAN               shift, and go to state 16
    MINUS             shift, and go to state 18
    OPEN_PARENTHESIS  shift, and go to state 49

    OPERATION   go to state 109
    OPERATION2  go to state 31
    OPERATION3  go to state 32
    OPERATION4  go to state 33


State 76

   28 OPERATION2: OPERATION2 MULTIPLY • OPERATION3

    INTEGER           shift, and go to state 1
    FLOAT             shift, and go to state 4
    ID                shift, and go to state 42
    STRING            shift, and go to state 7
    SUBSTR            shift, and go to state 12
    LEN               shift, and go to state 13
    SIN               shift, and go to state 14
    COS               shift, and go to state 15
    TAN               shift, and go to state 16
    MINUS             shift, and go to state 18
    OPEN_PARENTHESIS  shift, and go to state 49

    OPERATION3  go to state 110
    OPERATION4  go to state 33


State 77

   29 OPERATION2: OPERATION2 DIVIDE • OPERATION3

    INTEGER           shift, and go to state 1
    FLOAT             shift, and go to state 4
    ID                shift, and go to state 42
    STRING            shift, and go to state 7
    SUBSTR            shift, and go to state 12
    LEN               shift, and go to state 13
    SIN               shift, and go to state 14
    COS               shift, and go to state 15
    TAN               shift, and go to state 16
    MINUS             shift, and go to state 18
    OPEN_PARENTHESIS  shift, and go to state 49

    OPERATION3  go to state 111
    OPERATION4  go to state 33


State 78

   30 OPERATION2: OPERATION2 MOD • OPERATION3

    INTEGER           shift, and go to state 1
    FLOAT             shift, and go to state 4
    ID                shift, and go to state 42
    STRING            shift, and go to state 7
    SUBSTR            shift, and go to state 12
    LEN               shift, and go to state 13
    SIN               shift, and go to state 14
    COS               shift, and go to state 15
    TAN               shift, and go to state 16
    MINUS             shift, and go to state 18
    OPEN_PARENTHESIS  shift, and go to state 49

    OPERATION3  go to state 112
    OPERATION4  go to state 33


State 79

   32 OPERATION3: OPERATION4 POWER • OPERATION3

    INTEGER           shift, and go to state 1
    FLOAT             shift, and go to state 4
    ID                shift, and go to state 42
    STRING            shift, and go to state 7
    SUBSTR            shift, and go to state 12
    LEN               shift, and go to state 13
    SIN               shift, and go to state 14
    COS               shift, and go to state 15
    TAN               shift, and go to state 16
    MINUS             shift, and go to state 18
    OPEN_PARENTHESIS  shift, and go to state 49

    OPERATION3  go to state 113
    OPERATION4  go to state 33


State 80

   45 OPERATION_BOOLEAN: OPERATION_BOOLEAN OR • OPERATION_BOOLEAN1

    INTEGER           shift, and go to state 1
    FALSE             shift, and go to state 2
    TRUE              shift, and go to state 3
    FLOAT             shift, and go to state 4
    ID                shift, and go to state 42
    ID_BOOL           shift, and go to state 43
    STRING            shift, and go to state 7
    SUBSTR            shift, and go to state 12
    LEN               shift, and go to state 13
    SIN               shift, and go to state 14
    COS               shift, and go to state 15
    TAN               shift, and go to state 16
    NOT               shift, and go to state 17
    MINUS             shift, and go to state 18
    OPEN_PARENTHESIS  shift, and go to state 19

    OPERATION           go to state 44
    OPERATION2          go to state 31
    OPERATION3          go to state 32
    OPERATION4          go to state 33
    OPERATION_BOOLEAN1  go to state 114
    OPERATION_BOOLEAN2  go to state 36
    OPERATION_BOOLEAN3  go to state 37


State 81

   48 OPERATION_BOOLEAN1: OPERATION_BOOLEAN1 AND • OPERATION_BOOLEAN2

    INTEGER           shift, and go to state 1
    FALSE             shift, and go to state 2
    TRUE              shift, and go to state 3
    FLOAT             shift, and go to state 4
    ID                shift, and go to state 42
    ID_BOOL           shift, and go to state 43
    STRING            shift, and go to state 7
    SUBSTR            shift, and go to state 12
    LEN               shift, and go to state 13
    SIN               shift, and go to state 14
    COS               shift, and go to state 15
    TAN               shift, and go to state 16
    NOT               shift, and go to state 17
    MINUS             shift, and go to state 18
    OPEN_PARENTHESIS  shift, and go to state 19

    OPERATION           go to state 44
    OPERATION2          go to state 31
    OPERATION3          go to state 32
    OPERATION4          go to state 33
    OPERATION_BOOLEAN2  go to state 115
    OPERATION_BOOLEAN3  go to state 37


State 82

   24 expressio: ID OPENED_CLAUSE OPERATION • CLOSED_CLAUSE ASSIGN OPERATION
   25 OPERATION: OPERATION • PLUS OPERATION2
   26          | OPERATION • MINUS OPERATION2

    CLOSED_CLAUSE  shift, and go to state 116
    PLUS           shift, and go to state 68
    MINUS          shift, and go to state 69


State 83

   23 expressio: ID ASSIGN ID • OPENED_CLAUSE OPERATION CLOSED_CLAUSE
   42 OPERATION4: ID •

    OPENED_CLAUSE  shift, and go to state 117

    $default  reduce using rule 42 (OPERATION4)


State 84

   16 expressio: ID ASSIGN OPERATION •
   17          | ID ASSIGN OPERATION • MODE
   25 OPERATION: OPERATION • PLUS OPERATION2
   26          | OPERATION • MINUS OPERATION2
   55 OPERATION_BOOLEAN3: OPERATION • EQUAL OPERATION
   56                   | OPERATION • NOT_EQUAL OPERATION
   57                   | OPERATION • GREATER_EQUAL OPERATION
   58                   | OPERATION • GREATER_THAN OPERATION
   59                   | OPERATION • LESS_THAN OPERATION
   60                   | OPERATION • LESS_EQUAL OPERATION

    MODE           shift, and go to state 118
    PLUS           shift, and go to state 68
    MINUS          shift, and go to state 69
    GREATER_THAN   shift, and go to state 70
    GREATER_EQUAL  shift, and go to state 71
    LESS_THAN      shift, and go to state 72
    LESS_EQUAL     shift, and go to state 73
    EQUAL          shift, and go to state 74
    NOT_EQUAL      shift, and go to state 75

    $default  reduce using rule 16 (expressio)


State 85

   18 expressio: ID ASSIGN OPERATION_BOOLEAN •
   45 OPERATION_BOOLEAN: OPERATION_BOOLEAN • OR OPERATION_BOOLEAN1

    OR  shift, and go to state 80

    $default  reduce using rule 18 (expressio)


State 86

   19 expressio: ID_BOOL ASSIGN OPERATION_BOOLEAN •
   45 OPERATION_BOOLEAN: OPERATION_BOOLEAN • OR OPERATION_BOOLEAN1

    OR  shift, and go to state 80

    $default  reduce using rule 19 (expressio)


State 87

    5 for_header: FOR ID IN • INTEGER DO

    INTEGER  shift, and go to state 119


State 88

    7 while_header: WHILE OPERATION_BOOLEAN DO •

    $default  reduce using rule 7 (while_header)


State 89

    6 if_header: IF OPERATION_BOOLEAN THEN •

    $default  reduce using rule 6 (if_header)


State 90

   38 OPERATION4: SUBSTR OPEN_PARENTHESIS OPERATION4 • OPERATION4 OPERATION4 CLOSED_PARENTHESIS

    INTEGER           shift, and go to state 1
    FLOAT             shift, and go to state 4
    ID                shift, and go to state 42
    STRING            shift, and go to state 7
    SUBSTR            shift, and go to state 12
    LEN               shift, and go to state 13
    SIN               shift, and go to state 14
    COS               shift, and go to state 15
    TAN               shift, and go to state 16
    MINUS             shift, and go to state 18
    OPEN_PARENTHESIS  shift, and go to state 49

    OPERATION4  go to state 120


State 91

   25 OPERATION: OPERATION • PLUS OPERATION2
   26          | OPERATION • MINUS OPERATION2
   44 OPERATION4: OPEN_PARENTHESIS OPERATION • CLOSED_PARENTHESIS

    PLUS                shift, and go to state 68
    MINUS               shift, and go to state 69
    CLOSED_PARENTHESIS  shift, and go to state 92


State 92

   44 OPERATION4: OPEN_PARENTHESIS OPERATION CLOSED_PARENTHESIS •

    $default  reduce using rule 44 (OPERATION4)


State 93

   51 OPERATION_BOOLEAN3: OPEN_PARENTHESIS OPERATION_BOOLEAN CLOSED_PARENTHESIS •

    $default  reduce using rule 51 (OPERATION_BOOLEAN3)


State 94

    4 header: ENDLINE REPEAT OPERATION •
   25 OPERATION: OPERATION • PLUS OPERATION2
   26          | OPERATION • MINUS OPERATION2

    PLUS   shift, and go to state 68
    MINUS  shift, and go to state 69

    $default  reduce using rule 4 (header)


State 95

   10 expressio: header DO ENDLINE • expressio_list DONE ENDLINE

    INTEGER           shift, and go to state 1
    FALSE             shift, and go to state 2
    TRUE              shift, and go to state 3
    FLOAT             shift, and go to state 4
    ID                shift, and go to state 5
    ID_BOOL           shift, and go to state 6
    STRING            shift, and go to state 7
    FOR               shift, and go to state 8
    WHILE             shift, and go to state 9
    IF                shift, and go to state 10
    DO                shift, and go to state 11
    SUBSTR            shift, and go to state 12
    LEN               shift, and go to state 13
    SIN               shift, and go to state 14
    COS               shift, and go to state 15
    TAN               shift, and go to state 16
    NOT               shift, and go to state 17
    MINUS             shift, and go to state 18
    OPEN_PARENTHESIS  shift, and go to state 19
    ENDLINE           shift, and go to state 20

    expressio_list      go to state 121
    header              go to state 23
    for_header          go to state 24
    if_header           go to state 25
    while_header        go to state 26
    else_header         go to state 27
    do_header           go to state 28
    expressio           go to state 29
    OPERATION           go to state 30
    OPERATION2          go to state 31
    OPERATION3          go to state 32
    OPERATION4          go to state 33
    OPERATION_BOOLEAN   go to state 34
    OPERATION_BOOLEAN1  go to state 35
    OPERATION_BOOLEAN2  go to state 36
    OPERATION_BOOLEAN3  go to state 37


State 96

   13 expressio: for_header ENDLINE expressio_list • DONE

    DONE  shift, and go to state 122


State 97

    8 else_header: if_header ENDLINE expressio_list • ELSE
   11 expressio: if_header ENDLINE expressio_list • FI

    ELSE  shift, and go to state 123
    FI    shift, and go to state 124


State 98

   14 expressio: while_header ENDLINE expressio_list • DONE

    DONE  shift, and go to state 125


State 99

   15 expressio: else_header ENDLINE expressio_list • FI

    FI  shift, and go to state 126


State 100

   12 expressio: do_header expressio_list UNTIL • OPERATION_BOOLEAN

    INTEGER           shift, and go to state 1
    FALSE             shift, and go to state 2
    TRUE              shift, and go to state 3
    FLOAT             shift, and go to state 4
    ID                shift, and go to state 42
    ID_BOOL           shift, and go to state 43
    STRING            shift, and go to state 7
    SUBSTR            shift, and go to state 12
    LEN               shift, and go to state 13
    SIN               shift, and go to state 14
    COS               shift, and go to state 15
    TAN               shift, and go to state 16
    NOT               shift, and go to state 17
    MINUS             shift, and go to state 18
    OPEN_PARENTHESIS  shift, and go to state 19

    OPERATION           go to state 44
    OPERATION2          go to state 31
    OPERATION3          go to state 32
    OPERATION4          go to state 33
    OPERATION_BOOLEAN   go to state 127
    OPERATION_BOOLEAN1  go to state 35
    OPERATION_BOOLEAN2  go to state 36
    OPERATION_BOOLEAN3  go to state 37


State 101

    3 expressio_list: expressio ENDLINE expressio_list •

    $default  reduce using rule 3 (expressio_list)


State 102

   25 OPERATION: OPERATION PLUS OPERATION2 •
   28 OPERATION2: OPERATION2 • MULTIPLY OPERATION3
   29           | OPERATION2 • DIVIDE OPERATION3
   30           | OPERATION2 • MOD OPERATION3

    MULTIPLY  shift, and go to state 76
    DIVIDE    shift, and go to state 77
    MOD       shift, and go to state 78

    $default  reduce using rule 25 (OPERATION)


State 103

   26 OPERATION: OPERATION MINUS OPERATION2 •
   28 OPERATION2: OPERATION2 • MULTIPLY OPERATION3
   29           | OPERATION2 • DIVIDE OPERATION3
   30           | OPERATION2 • MOD OPERATION3

    MULTIPLY  shift, and go to state 76
    DIVIDE    shift, and go to state 77
    MOD       shift, and go to state 78

    $default  reduce using rule 26 (OPERATION)


State 104

   25 OPERATION: OPERATION • PLUS OPERATION2
   26          | OPERATION • MINUS OPERATION2
   58 OPERATION_BOOLEAN3: OPERATION GREATER_THAN OPERATION •

    PLUS   shift, and go to state 68
    MINUS  shift, and go to state 69

    $default  reduce using rule 58 (OPERATION_BOOLEAN3)


State 105

   25 OPERATION: OPERATION • PLUS OPERATION2
   26          | OPERATION • MINUS OPERATION2
   57 OPERATION_BOOLEAN3: OPERATION GREATER_EQUAL OPERATION •

    PLUS   shift, and go to state 68
    MINUS  shift, and go to state 69

    $default  reduce using rule 57 (OPERATION_BOOLEAN3)


State 106

   25 OPERATION: OPERATION • PLUS OPERATION2
   26          | OPERATION • MINUS OPERATION2
   59 OPERATION_BOOLEAN3: OPERATION LESS_THAN OPERATION •

    PLUS   shift, and go to state 68
    MINUS  shift, and go to state 69

    $default  reduce using rule 59 (OPERATION_BOOLEAN3)


State 107

   25 OPERATION: OPERATION • PLUS OPERATION2
   26          | OPERATION • MINUS OPERATION2
   60 OPERATION_BOOLEAN3: OPERATION LESS_EQUAL OPERATION •

    PLUS   shift, and go to state 68
    MINUS  shift, and go to state 69

    $default  reduce using rule 60 (OPERATION_BOOLEAN3)


State 108

   25 OPERATION: OPERATION • PLUS OPERATION2
   26          | OPERATION • MINUS OPERATION2
   55 OPERATION_BOOLEAN3: OPERATION EQUAL OPERATION •

    PLUS   shift, and go to state 68
    MINUS  shift, and go to state 69

    $default  reduce using rule 55 (OPERATION_BOOLEAN3)


State 109

   25 OPERATION: OPERATION • PLUS OPERATION2
   26          | OPERATION • MINUS OPERATION2
   56 OPERATION_BOOLEAN3: OPERATION NOT_EQUAL OPERATION •

    PLUS   shift, and go to state 68
    MINUS  shift, and go to state 69

    $default  reduce using rule 56 (OPERATION_BOOLEAN3)


State 110

   28 OPERATION2: OPERATION2 MULTIPLY OPERATION3 •

    $default  reduce using rule 28 (OPERATION2)


State 111

   29 OPERATION2: OPERATION2 DIVIDE OPERATION3 •

    $default  reduce using rule 29 (OPERATION2)


State 112

   30 OPERATION2: OPERATION2 MOD OPERATION3 •

    $default  reduce using rule 30 (OPERATION2)


State 113

   32 OPERATION3: OPERATION4 POWER OPERATION3 •

    $default  reduce using rule 32 (OPERATION3)


State 114

   45 OPERATION_BOOLEAN: OPERATION_BOOLEAN OR OPERATION_BOOLEAN1 •
   48 OPERATION_BOOLEAN1: OPERATION_BOOLEAN1 • AND OPERATION_BOOLEAN2

    AND  shift, and go to state 81

    $default  reduce using rule 45 (OPERATION_BOOLEAN)


State 115

   48 OPERATION_BOOLEAN1: OPERATION_BOOLEAN1 AND OPERATION_BOOLEAN2 •

    $default  reduce using rule 48 (OPERATION_BOOLEAN1)


State 116

   24 expressio: ID OPENED_CLAUSE OPERATION CLOSED_CLAUSE • ASSIGN OPERATION

    ASSIGN  shift, and go to state 128


State 117

   23 expressio: ID ASSIGN ID OPENED_CLAUSE • OPERATION CLOSED_CLAUSE

    INTEGER           shift, and go to state 1
    FLOAT             shift, and go to state 4
    ID                shift, and go to state 42
    STRING            shift, and go to state 7
    SUBSTR            shift, and go to state 12
    LEN               shift, and go to state 13
    SIN               shift, and go to state 14
    COS               shift, and go to state 15
    TAN               shift, and go to state 16
    MINUS             shift, and go to state 18
    OPEN_PARENTHESIS  shift, and go to state 49

    OPERATION   go to state 129
    OPERATION2  go to state 31
    OPERATION3  go to state 32
    OPERATION4  go to state 33


State 118

   17 expressio: ID ASSIGN OPERATION MODE •

    $default  reduce using rule 17 (expressio)


State 119

    5 for_header: FOR ID IN INTEGER • DO

    DO  shift, and go to state 130


State 120

   38 OPERATION4: SUBSTR OPEN_PARENTHESIS OPERATION4 OPERATION4 • OPERATION4 CLOSED_PARENTHESIS

    INTEGER           shift, and go to state 1
    FLOAT             shift, and go to state 4
    ID                shift, and go to state 42
    STRING            shift, and go to state 7
    SUBSTR            shift, and go to state 12
    LEN               shift, and go to state 13
    SIN               shift, and go to state 14
    COS               shift, and go to state 15
    TAN               shift, and go to state 16
    MINUS             shift, and go to state 18
    OPEN_PARENTHESIS  shift, and go to state 49

    OPERATION4  go to state 131


State 121

   10 expressio: header DO ENDLINE expressio_list • DONE ENDLINE

    DONE  shift, and go to state 132


State 122

   13 expressio: for_header ENDLINE expressio_list DONE •

    $default  reduce using rule 13 (expressio)


State 123

    8 else_header: if_header ENDLINE expressio_list ELSE •

    $default  reduce using rule 8 (else_header)


State 124

   11 expressio: if_header ENDLINE expressio_list FI •

    $default  reduce using rule 11 (expressio)


State 125

   14 expressio: while_header ENDLINE expressio_list DONE •

    $default  reduce using rule 14 (expressio)


State 126

   15 expressio: else_header ENDLINE expressio_list FI •

    $default  reduce using rule 15 (expressio)


State 127

   12 expressio: do_header expressio_list UNTIL OPERATION_BOOLEAN •
   45 OPERATION_BOOLEAN: OPERATION_BOOLEAN • OR OPERATION_BOOLEAN1

    OR  shift, and go to state 80

    $default  reduce using rule 12 (expressio)


State 128

   24 expressio: ID OPENED_CLAUSE OPERATION CLOSED_CLAUSE ASSIGN • OPERATION

    INTEGER           shift, and go to state 1
    FLOAT             shift, and go to state 4
    ID                shift, and go to state 42
    STRING            shift, and go to state 7
    SUBSTR            shift, and go to state 12
    LEN               shift, and go to state 13
    SIN               shift, and go to state 14
    COS               shift, and go to state 15
    TAN               shift, and go to state 16
    MINUS             shift, and go to state 18
    OPEN_PARENTHESIS  shift, and go to state 49

    OPERATION   go to state 133
    OPERATION2  go to state 31
    OPERATION3  go to state 32
    OPERATION4  go to state 33


State 129

   23 expressio: ID ASSIGN ID OPENED_CLAUSE OPERATION • CLOSED_CLAUSE
   25 OPERATION: OPERATION • PLUS OPERATION2
   26          | OPERATION • MINUS OPERATION2

    CLOSED_CLAUSE  shift, and go to state 134
    PLUS           shift, and go to state 68
    MINUS          shift, and go to state 69


State 130

    5 for_header: FOR ID IN INTEGER DO •

    $default  reduce using rule 5 (for_header)


State 131

   38 OPERATION4: SUBSTR OPEN_PARENTHESIS OPERATION4 OPERATION4 OPERATION4 • CLOSED_PARENTHESIS

    CLOSED_PARENTHESIS  shift, and go to state 135


State 132

   10 expressio: header DO ENDLINE expressio_list DONE • ENDLINE

    ENDLINE  shift, and go to state 136


State 133

   24 expressio: ID OPENED_CLAUSE OPERATION CLOSED_CLAUSE ASSIGN OPERATION •
   25 OPERATION: OPERATION • PLUS OPERATION2
   26          | OPERATION • MINUS OPERATION2

    PLUS   shift, and go to state 68
    MINUS  shift, and go to state 69

    $default  reduce using rule 24 (expressio)


State 134

   23 expressio: ID ASSIGN ID OPENED_CLAUSE OPERATION CLOSED_CLAUSE •

    $default  reduce using rule 23 (expressio)


State 135

   38 OPERATION4: SUBSTR OPEN_PARENTHESIS OPERATION4 OPERATION4 OPERATION4 CLOSED_PARENTHESIS •

    $default  reduce using rule 38 (OPERATION4)


State 136

   10 expressio: header DO ENDLINE expressio_list DONE ENDLINE •

    $default  reduce using rule 10 (expressio)
